[2025-08-17T22:34:18.822+0000] {local_task_job_runner.py:120} INFO - ::group::Pre task execution logs
[2025-08-17T22:34:18.849+0000] {taskinstance.py:2076} INFO - Dependencies all met for dep_context=non-requeueable deps ti=<TaskInstance: crypto_collector_dag.run_crypto_collector scheduled__2025-08-17T22:33:00+00:00 [queued]>
[2025-08-17T22:34:18.859+0000] {taskinstance.py:2076} INFO - Dependencies all met for dep_context=requeueable deps ti=<TaskInstance: crypto_collector_dag.run_crypto_collector scheduled__2025-08-17T22:33:00+00:00 [queued]>
[2025-08-17T22:34:18.859+0000] {taskinstance.py:2306} INFO - Starting attempt 1 of 2
[2025-08-17T22:34:18.872+0000] {taskinstance.py:2330} INFO - Executing <Task(BashOperator): run_crypto_collector> on 2025-08-17 22:33:00+00:00
[2025-08-17T22:34:18.879+0000] {standard_task_runner.py:63} INFO - Started process 80947 to run task
[2025-08-17T22:34:18.883+0000] {standard_task_runner.py:90} INFO - Running: ['***', 'tasks', 'run', 'crypto_collector_dag', 'run_crypto_collector', 'scheduled__2025-08-17T22:33:00+00:00', '--job-id', '7715', '--raw', '--subdir', 'DAGS_FOLDER/crawl_crypto/dags_crypto.py', '--cfg-path', '/tmp/tmpjep37nuz']
[2025-08-17T22:34:18.885+0000] {standard_task_runner.py:91} INFO - Job 7715: Subtask run_crypto_collector
[2025-08-17T22:34:18.959+0000] {task_command.py:426} INFO - Running <TaskInstance: crypto_collector_dag.run_crypto_collector scheduled__2025-08-17T22:33:00+00:00 [running]> on host 1877907bc043
[2025-08-17T22:34:19.077+0000] {taskinstance.py:2648} INFO - Exporting env vars: AIRFLOW_CTX_DAG_OWNER='***' AIRFLOW_CTX_DAG_ID='crypto_collector_dag' AIRFLOW_CTX_TASK_ID='run_crypto_collector' AIRFLOW_CTX_EXECUTION_DATE='2025-08-17T22:33:00+00:00' AIRFLOW_CTX_TRY_NUMBER='1' AIRFLOW_CTX_DAG_RUN_ID='scheduled__2025-08-17T22:33:00+00:00'
[2025-08-17T22:34:19.078+0000] {taskinstance.py:430} INFO - ::endgroup::
[2025-08-17T22:34:19.093+0000] {subprocess.py:63} INFO - Tmp dir root location: /tmp
[2025-08-17T22:34:19.093+0000] {subprocess.py:75} INFO - Running command: ['/usr/bin/bash', '-c', 'python3 /opt/***/dags/crawl_crypto/crawl_data_crypto.py']
[2025-08-17T22:34:19.110+0000] {subprocess.py:86} INFO - Output:
[2025-08-17T22:36:29.751+0000] {subprocess.py:93} INFO - ðŸ”¹ Káº¿t ná»‘i DB...
[2025-08-17T22:36:29.752+0000] {subprocess.py:93} INFO - Traceback (most recent call last):
[2025-08-17T22:36:29.752+0000] {subprocess.py:93} INFO -   File "/opt/***/dags/crawl_crypto/crawl_data_crypto.py", line 131, in <module>
[2025-08-17T22:36:29.752+0000] {subprocess.py:93} INFO -     init_db()
[2025-08-17T22:36:29.752+0000] {subprocess.py:93} INFO -   File "/opt/***/dags/crawl_crypto/crawl_data_crypto.py", line 26, in init_db
[2025-08-17T22:36:29.753+0000] {subprocess.py:93} INFO -     conn = psycopg2.connect(**DB_CONFIG)
[2025-08-17T22:36:29.753+0000] {subprocess.py:93} INFO -   File "/home/***/.local/lib/python3.10/site-packages/psycopg2/__init__.py", line 122, in connect
[2025-08-17T22:36:29.753+0000] {subprocess.py:93} INFO -     conn = _connect(dsn, connection_factory=connection_factory, **kwasync)
[2025-08-17T22:36:29.753+0000] {subprocess.py:93} INFO - psycopg2.OperationalError: connection to server at "videv.cloud" (27.74.74.29), port 5432 failed: Connection timed out
[2025-08-17T22:36:29.754+0000] {subprocess.py:93} INFO - 	Is the server running on that host and accepting TCP/IP connections?
[2025-08-17T22:36:29.754+0000] {subprocess.py:93} INFO - 
[2025-08-17T22:36:29.824+0000] {subprocess.py:97} INFO - Command exited with return code 1
[2025-08-17T22:36:29.825+0000] {taskinstance.py:441} INFO - ::group::Post task execution logs
[2025-08-17T22:36:29.840+0000] {taskinstance.py:2905} ERROR - Task failed with exception
Traceback (most recent call last):
  File "/home/airflow/.local/lib/python3.10/site-packages/airflow/models/taskinstance.py", line 465, in _execute_task
    result = _execute_callable(context=context, **execute_callable_kwargs)
  File "/home/airflow/.local/lib/python3.10/site-packages/airflow/models/taskinstance.py", line 432, in _execute_callable
    return execute_callable(context=context, **execute_callable_kwargs)
  File "/home/airflow/.local/lib/python3.10/site-packages/airflow/models/baseoperator.py", line 400, in wrapper
    return func(self, *args, **kwargs)
  File "/home/airflow/.local/lib/python3.10/site-packages/airflow/operators/bash.py", line 243, in execute
    raise AirflowException(
airflow.exceptions.AirflowException: Bash command failed. The command returned a non-zero exit code 1.
[2025-08-17T22:36:29.844+0000] {taskinstance.py:1206} INFO - Marking task as UP_FOR_RETRY. dag_id=crypto_collector_dag, task_id=run_crypto_collector, run_id=scheduled__2025-08-17T22:33:00+00:00, execution_date=20250817T223300, start_date=20250817T223418, end_date=20250817T223629
[2025-08-17T22:36:29.858+0000] {standard_task_runner.py:110} ERROR - Failed to execute job 7715 for task run_crypto_collector (Bash command failed. The command returned a non-zero exit code 1.; 80947)
[2025-08-17T22:36:29.898+0000] {local_task_job_runner.py:240} INFO - Task exited with return code 1
[2025-08-17T22:36:29.926+0000] {taskinstance.py:3498} INFO - 0 downstream tasks scheduled from follow-on schedule check
[2025-08-17T22:36:29.927+0000] {local_task_job_runner.py:222} INFO - ::endgroup::
