[2025-07-22T13:14:18.557+0000] {local_task_job_runner.py:120} INFO - ::group::Pre task execution logs
[2025-07-22T13:14:18.589+0000] {taskinstance.py:2076} INFO - Dependencies all met for dep_context=non-requeueable deps ti=<TaskInstance: news_pipeline.add_postgre scheduled__2025-07-21T03:00:00+00:00 [queued]>
[2025-07-22T13:14:18.598+0000] {taskinstance.py:2076} INFO - Dependencies all met for dep_context=requeueable deps ti=<TaskInstance: news_pipeline.add_postgre scheduled__2025-07-21T03:00:00+00:00 [queued]>
[2025-07-22T13:14:18.599+0000] {taskinstance.py:2306} INFO - Starting attempt 4 of 14
[2025-07-22T13:14:18.611+0000] {taskinstance.py:2330} INFO - Executing <Task(PythonOperator): add_postgre> on 2025-07-21 03:00:00+00:00
[2025-07-22T13:14:18.618+0000] {standard_task_runner.py:63} INFO - Started process 6503 to run task
[2025-07-22T13:14:18.622+0000] {standard_task_runner.py:90} INFO - Running: ['***', 'tasks', 'run', 'news_pipeline', 'add_postgre', 'scheduled__2025-07-21T03:00:00+00:00', '--job-id', '28', '--raw', '--subdir', 'DAGS_FOLDER/dag_news.py', '--cfg-path', '/tmp/tmphpli9xs9']
[2025-07-22T13:14:18.624+0000] {standard_task_runner.py:91} INFO - Job 28: Subtask add_postgre
[2025-07-22T13:14:18.676+0000] {task_command.py:426} INFO - Running <TaskInstance: news_pipeline.add_postgre scheduled__2025-07-21T03:00:00+00:00 [running]> on host 6b7e6caedd73
[2025-07-22T13:14:18.755+0000] {taskinstance.py:2648} INFO - Exporting env vars: AIRFLOW_CTX_DAG_OWNER='***' AIRFLOW_CTX_DAG_ID='news_pipeline' AIRFLOW_CTX_TASK_ID='add_postgre' AIRFLOW_CTX_EXECUTION_DATE='2025-07-21T03:00:00+00:00' AIRFLOW_CTX_TRY_NUMBER='4' AIRFLOW_CTX_DAG_RUN_ID='scheduled__2025-07-21T03:00:00+00:00'
[2025-07-22T13:14:18.755+0000] {taskinstance.py:430} INFO - ::endgroup::
[2025-07-22T13:14:19.215+0000] {add_postgre.py:13} INFO - ✅ Kết nối PostgreSQL thành công.
[2025-07-22T13:14:19.350+0000] {logger.py:11} INFO - ====== WebDriver manager ======
[2025-07-22T13:14:19.481+0000] {logger.py:11} INFO - Get LATEST chromedriver version for google-chrome
[2025-07-22T13:14:19.683+0000] {logger.py:11} INFO - Get LATEST chromedriver version for google-chrome
[2025-07-22T13:14:19.889+0000] {logger.py:11} INFO - Driver [/root/.wdm/drivers/chromedriver/linux64/138.0.7204.157/chromedriver] found in cache
[2025-07-22T13:16:29.494+0000] {logger.py:11} INFO - ====== WebDriver manager ======
[2025-07-22T13:16:29.631+0000] {logger.py:11} INFO - Get LATEST chromedriver version for google-chrome
[2025-07-22T13:16:29.888+0000] {logger.py:11} INFO - Get LATEST chromedriver version for google-chrome
[2025-07-22T13:16:30.124+0000] {logger.py:11} INFO - Driver [/root/.wdm/drivers/chromedriver/linux64/138.0.7204.157/chromedriver] found in cache
[2025-07-22T13:18:30.665+0000] {add_postgre.py:45} ERROR - ❌ Lỗi trong add_postgres: HTTPConnectionPool(host='localhost', port=42853): Read timed out. (read timeout=120)
[2025-07-22T13:18:30.666+0000] {taskinstance.py:441} INFO - ::group::Post task execution logs
[2025-07-22T13:18:30.667+0000] {taskinstance.py:2905} ERROR - Task failed with exception
Traceback (most recent call last):
  File "/home/airflow/.local/lib/python3.10/site-packages/urllib3/connectionpool.py", line 534, in _make_request
    response = conn.getresponse()
  File "/home/airflow/.local/lib/python3.10/site-packages/urllib3/connection.py", line 565, in getresponse
    httplib_response = super().getresponse()
  File "/usr/local/lib/python3.10/http/client.py", line 1375, in getresponse
    response.begin()
  File "/usr/local/lib/python3.10/http/client.py", line 318, in begin
    version, status, reason = self._read_status()
  File "/usr/local/lib/python3.10/http/client.py", line 279, in _read_status
    line = str(self.fp.readline(_MAXLINE + 1), "iso-8859-1")
  File "/usr/local/lib/python3.10/socket.py", line 705, in readinto
    return self._sock.recv_into(b)
TimeoutError: timed out

The above exception was the direct cause of the following exception:

Traceback (most recent call last):
  File "/home/airflow/.local/lib/python3.10/site-packages/airflow/models/taskinstance.py", line 465, in _execute_task
    result = _execute_callable(context=context, **execute_callable_kwargs)
  File "/home/airflow/.local/lib/python3.10/site-packages/airflow/models/taskinstance.py", line 432, in _execute_callable
    return execute_callable(context=context, **execute_callable_kwargs)
  File "/home/airflow/.local/lib/python3.10/site-packages/airflow/models/baseoperator.py", line 400, in wrapper
    return func(self, *args, **kwargs)
  File "/home/airflow/.local/lib/python3.10/site-packages/airflow/operators/python.py", line 235, in execute
    return_value = self.execute_callable()
  File "/home/airflow/.local/lib/python3.10/site-packages/airflow/operators/python.py", line 252, in execute_callable
    return self.python_callable(*self.op_args, **self.op_kwargs)
  File "/opt/airflow/dags/utils/new_pipeline/add_postgre.py", line 16, in add_postgres
    df=tintuc()
  File "/opt/airflow/dags/utils/new_pipeline/merge.py", line 10, in tintuc
    df2=tinnhanh()
  File "/opt/airflow/dags/utils/new_pipeline/tinnhanh_ngay.py", line 28, in tinnhanh
    driver.get(url) #dùng driver mở link
  File "/home/airflow/.local/lib/python3.10/site-packages/selenium/webdriver/remote/webdriver.py", line 479, in get
    self.execute(Command.GET, {"url": url})
  File "/home/airflow/.local/lib/python3.10/site-packages/selenium/webdriver/remote/webdriver.py", line 451, in execute
    response = cast(RemoteConnection, self.command_executor).execute(driver_command, params)
  File "/home/airflow/.local/lib/python3.10/site-packages/selenium/webdriver/remote/remote_connection.py", line 404, in execute
    return self._request(command_info[0], url, body=data)
  File "/home/airflow/.local/lib/python3.10/site-packages/selenium/webdriver/remote/remote_connection.py", line 428, in _request
    response = self._conn.request(method, url, body=body, headers=headers, timeout=self._client_config.timeout)
  File "/home/airflow/.local/lib/python3.10/site-packages/urllib3/_request_methods.py", line 143, in request
    return self.request_encode_body(
  File "/home/airflow/.local/lib/python3.10/site-packages/urllib3/_request_methods.py", line 278, in request_encode_body
    return self.urlopen(method, url, **extra_kw)
  File "/home/airflow/.local/lib/python3.10/site-packages/urllib3/poolmanager.py", line 459, in urlopen
    response = conn.urlopen(method, u.request_uri, **kw)
  File "/home/airflow/.local/lib/python3.10/site-packages/urllib3/connectionpool.py", line 841, in urlopen
    retries = retries.increment(
  File "/home/airflow/.local/lib/python3.10/site-packages/urllib3/util/retry.py", line 474, in increment
    raise reraise(type(error), error, _stacktrace)
  File "/home/airflow/.local/lib/python3.10/site-packages/urllib3/util/util.py", line 39, in reraise
    raise value
  File "/home/airflow/.local/lib/python3.10/site-packages/urllib3/connectionpool.py", line 787, in urlopen
    response = self._make_request(
  File "/home/airflow/.local/lib/python3.10/site-packages/urllib3/connectionpool.py", line 536, in _make_request
    self._raise_timeout(err=e, url=url, timeout_value=read_timeout)
  File "/home/airflow/.local/lib/python3.10/site-packages/urllib3/connectionpool.py", line 367, in _raise_timeout
    raise ReadTimeoutError(
urllib3.exceptions.ReadTimeoutError: HTTPConnectionPool(host='localhost', port=42853): Read timed out. (read timeout=120)
[2025-07-22T13:18:30.688+0000] {taskinstance.py:1206} INFO - Marking task as UP_FOR_RETRY. dag_id=news_pipeline, task_id=add_postgre, run_id=scheduled__2025-07-21T03:00:00+00:00, execution_date=20250721T030000, start_date=20250722T131418, end_date=20250722T131830
[2025-07-22T13:18:30.914+0000] {standard_task_runner.py:110} ERROR - Failed to execute job 28 for task add_postgre (HTTPConnectionPool(host='localhost', port=42853): Read timed out. (read timeout=120); 6503)
[2025-07-22T13:18:30.968+0000] {local_task_job_runner.py:240} INFO - Task exited with return code 1
[2025-07-22T13:18:31.006+0000] {taskinstance.py:3498} INFO - 0 downstream tasks scheduled from follow-on schedule check
[2025-07-22T13:18:31.008+0000] {local_task_job_runner.py:222} INFO - ::endgroup::
[2025-07-22T16:03:40.357+0000] {local_task_job_runner.py:120} INFO - ::group::Pre task execution logs
[2025-07-22T16:03:40.378+0000] {taskinstance.py:2076} INFO - Dependencies all met for dep_context=non-requeueable deps ti=<TaskInstance: news_pipeline.add_postgre scheduled__2025-07-21T03:00:00+00:00 [queued]>
[2025-07-22T16:03:40.385+0000] {taskinstance.py:2076} INFO - Dependencies all met for dep_context=requeueable deps ti=<TaskInstance: news_pipeline.add_postgre scheduled__2025-07-21T03:00:00+00:00 [queued]>
[2025-07-22T16:03:40.385+0000] {taskinstance.py:2306} INFO - Starting attempt 4 of 14
[2025-07-22T16:03:40.395+0000] {taskinstance.py:2330} INFO - Executing <Task(PythonOperator): add_postgre> on 2025-07-21 03:00:00+00:00
[2025-07-22T16:03:40.401+0000] {standard_task_runner.py:63} INFO - Started process 3980 to run task
[2025-07-22T16:03:40.406+0000] {standard_task_runner.py:90} INFO - Running: ['***', 'tasks', 'run', 'news_pipeline', 'add_postgre', 'scheduled__2025-07-21T03:00:00+00:00', '--job-id', '10', '--raw', '--subdir', 'DAGS_FOLDER/dag_news.py', '--cfg-path', '/tmp/tmpo12ia9he']
[2025-07-22T16:03:40.407+0000] {standard_task_runner.py:91} INFO - Job 10: Subtask add_postgre
[2025-07-22T16:03:40.458+0000] {task_command.py:426} INFO - Running <TaskInstance: news_pipeline.add_postgre scheduled__2025-07-21T03:00:00+00:00 [running]> on host 0255908b9460
[2025-07-22T16:03:40.566+0000] {taskinstance.py:2648} INFO - Exporting env vars: AIRFLOW_CTX_DAG_OWNER='***' AIRFLOW_CTX_DAG_ID='news_pipeline' AIRFLOW_CTX_TASK_ID='add_postgre' AIRFLOW_CTX_EXECUTION_DATE='2025-07-21T03:00:00+00:00' AIRFLOW_CTX_TRY_NUMBER='4' AIRFLOW_CTX_DAG_RUN_ID='scheduled__2025-07-21T03:00:00+00:00'
[2025-07-22T16:03:40.567+0000] {taskinstance.py:430} INFO - ::endgroup::
[2025-07-22T16:03:41.087+0000] {add_postgre.py:13} INFO - ✅ Kết nối PostgreSQL thành công.
[2025-07-22T16:04:00.629+0000] {local_task_job_runner.py:310} WARNING - State of this instance has been externally set to queued. Terminating instance.
[2025-07-22T16:04:00.630+0000] {local_task_job_runner.py:222} INFO - ::endgroup::
[2025-07-22T16:04:00.636+0000] {process_utils.py:132} INFO - Sending 15 to group 3980. PIDs of all processes in the group: [3982, 3988, 3992, 3993, 4002, 4003, 4026, 4027, 4091, 4099, 4112, 4154, 4170, 4024, 3980]
[2025-07-22T16:04:00.637+0000] {process_utils.py:87} INFO - Sending the signal 15 to group 3980
[2025-07-22T16:04:00.639+0000] {taskinstance.py:2611} ERROR - Received SIGTERM. Terminating subprocesses.
[2025-07-22T16:04:00.640+0000] {taskinstance.py:441} INFO - ::group::Post task execution logs
[2025-07-22T16:04:00.653+0000] {taskinstance.py:2905} ERROR - Task failed with exception
Traceback (most recent call last):
  File "/home/airflow/.local/lib/python3.10/site-packages/airflow/models/taskinstance.py", line 465, in _execute_task
    result = _execute_callable(context=context, **execute_callable_kwargs)
  File "/home/airflow/.local/lib/python3.10/site-packages/airflow/models/taskinstance.py", line 432, in _execute_callable
    return execute_callable(context=context, **execute_callable_kwargs)
  File "/home/airflow/.local/lib/python3.10/site-packages/airflow/models/baseoperator.py", line 400, in wrapper
    return func(self, *args, **kwargs)
  File "/home/airflow/.local/lib/python3.10/site-packages/airflow/operators/python.py", line 235, in execute
    return_value = self.execute_callable()
  File "/home/airflow/.local/lib/python3.10/site-packages/airflow/operators/python.py", line 252, in execute_callable
    return self.python_callable(*self.op_args, **self.op_kwargs)
  File "/opt/airflow/dags/utils/new_pipeline/add_postgre.py", line 16, in add_postgres
    df=tintuc()
  File "/opt/airflow/dags/utils/new_pipeline/merge.py", line 9, in tintuc
    df1=vietstock()
  File "/opt/airflow/dags/utils/new_pipeline/vietstock_ngay.py", line 62, in vietstock
    time.sleep(10)
  File "/home/airflow/.local/lib/python3.10/site-packages/airflow/models/taskinstance.py", line 2613, in signal_handler
    raise AirflowTaskTerminated("Task received SIGTERM signal")
airflow.exceptions.AirflowTaskTerminated: Task received SIGTERM signal
[2025-07-22T16:04:00.658+0000] {taskinstance.py:1206} INFO - Marking task as UP_FOR_RETRY. dag_id=news_pipeline, task_id=add_postgre, run_id=scheduled__2025-07-21T03:00:00+00:00, execution_date=20250721T030000, start_date=, end_date=20250722T160400
[2025-07-22T16:04:00.669+0000] {standard_task_runner.py:110} ERROR - Failed to execute job 10 for task add_postgre ((psycopg2.errors.UniqueViolation) duplicate key value violates unique constraint "dag_run_dag_id_execution_date_key"
DETAIL:  Key (dag_id, execution_date)=(news_pipeline, 2025-07-21 03:00:00+00) already exists.

[SQL: INSERT INTO dag_run (id, dag_id, queued_at, execution_date, start_date, end_date, state, run_id, creating_job_id, external_trigger, run_type, conf, data_interval_start, data_interval_end, last_scheduling_decision, dag_hash, log_template_id, updated_at, clear_number) VALUES (%(id)s, %(dag_id)s, %(queued_at)s, %(execution_date)s, %(start_date)s, %(end_date)s, %(state)s, %(run_id)s, %(creating_job_id)s, %(external_trigger)s, %(run_type)s, %(conf)s, %(data_interval_start)s, %(data_interval_end)s, %(last_scheduling_decision)s, %(dag_hash)s, %(log_template_id)s, %(updated_at)s, %(clear_number)s)]
[parameters: {'id': 1, 'dag_id': 'news_pipeline', 'queued_at': datetime.datetime(2025, 7, 22, 15, 58, 47, 511994, tzinfo=Timezone('UTC')), 'execution_date': datetime.datetime(2025, 7, 21, 3, 0, tzinfo=Timezone('UTC')), 'start_date': datetime.datetime(2025, 7, 22, 15, 58, 48, 510655, tzinfo=Timezone('UTC')), 'end_date': None, 'state': 'running', 'run_id': 'scheduled__2025-07-21T03:00:00+00:00', 'creating_job_id': 2, 'external_trigger': False, 'run_type': 'scheduled', 'conf': <psycopg2.extensions.Binary object at 0x7f954ecfdd40>, 'data_interval_start': datetime.datetime(2025, 7, 21, 3, 0, tzinfo=Timezone('UTC')), 'data_interval_end': datetime.datetime(2025, 7, 22, 3, 0, tzinfo=Timezone('UTC')), 'last_scheduling_decision': datetime.datetime(2025, 7, 22, 16, 3, 40, 115009, tzinfo=Timezone('UTC')), 'dag_hash': '2a448103b4e52409687e6eec3d02fbb2', 'log_template_id': 2, 'updated_at': datetime.datetime(2025, 7, 22, 16, 3, 40, 124377, tzinfo=Timezone('UTC')), 'clear_number': 2}]
(Background on this error at: https://sqlalche.me/e/14/gkpj); 3980)
[2025-07-22T16:04:00.691+0000] {process_utils.py:80} INFO - Process psutil.Process(pid=3988, status='terminated', started='16:03:40') (3988) terminated with exit code None
[2025-07-22T16:04:00.692+0000] {process_utils.py:80} INFO - Process psutil.Process(pid=4002, status='terminated', started='16:03:40') (4002) terminated with exit code None
[2025-07-22T16:04:00.693+0000] {process_utils.py:80} INFO - Process psutil.Process(pid=4091, status='terminated', started='16:03:41') (4091) terminated with exit code None
[2025-07-22T16:04:00.693+0000] {process_utils.py:80} INFO - Process psutil.Process(pid=4024, status='terminated', started='16:03:40') (4024) terminated with exit code None
[2025-07-22T16:04:00.693+0000] {process_utils.py:80} INFO - Process psutil.Process(pid=3992, status='terminated', started='16:03:40') (3992) terminated with exit code None
[2025-07-22T16:04:00.694+0000] {process_utils.py:80} INFO - Process psutil.Process(pid=4003, status='terminated', started='16:03:40') (4003) terminated with exit code None
[2025-07-22T16:04:00.694+0000] {process_utils.py:80} INFO - Process psutil.Process(pid=3982, status='terminated', started='16:03:40') (3982) terminated with exit code None
[2025-07-22T16:04:00.695+0000] {process_utils.py:80} INFO - Process psutil.Process(pid=3993, status='terminated', started='16:03:40') (3993) terminated with exit code None
[2025-07-22T16:04:00.695+0000] {process_utils.py:80} INFO - Process psutil.Process(pid=3980, status='terminated', exitcode=1, started='16:03:40') (3980) terminated with exit code 1
[2025-07-22T16:04:00.696+0000] {process_utils.py:80} INFO - Process psutil.Process(pid=4027, status='terminated', started='16:03:40') (4027) terminated with exit code None
[2025-07-22T16:04:00.696+0000] {process_utils.py:80} INFO - Process psutil.Process(pid=4112, status='terminated', started='16:03:42') (4112) terminated with exit code None
[2025-07-22T16:04:00.697+0000] {process_utils.py:80} INFO - Process psutil.Process(pid=4170, status='terminated', started='16:03:44') (4170) terminated with exit code None
[2025-07-22T16:04:00.697+0000] {process_utils.py:80} INFO - Process psutil.Process(pid=4154, status='terminated', started='16:03:44') (4154) terminated with exit code None
[2025-07-22T16:04:00.698+0000] {process_utils.py:80} INFO - Process psutil.Process(pid=4099, status='terminated', started='16:03:41') (4099) terminated with exit code None
[2025-07-22T16:04:00.698+0000] {process_utils.py:80} INFO - Process psutil.Process(pid=4026, status='terminated', started='16:03:40') (4026) terminated with exit code None
[2025-07-22T19:16:33.354+0000] {local_task_job_runner.py:120} INFO - ::group::Pre task execution logs
[2025-07-22T19:16:33.378+0000] {taskinstance.py:2076} INFO - Dependencies all met for dep_context=non-requeueable deps ti=<TaskInstance: news_pipeline.add_postgre scheduled__2025-07-21T03:00:00+00:00 [queued]>
[2025-07-22T19:16:33.385+0000] {taskinstance.py:2076} INFO - Dependencies all met for dep_context=requeueable deps ti=<TaskInstance: news_pipeline.add_postgre scheduled__2025-07-21T03:00:00+00:00 [queued]>
[2025-07-22T19:16:33.385+0000] {taskinstance.py:2306} INFO - Starting attempt 4 of 11
[2025-07-22T19:16:33.395+0000] {taskinstance.py:2330} INFO - Executing <Task(PythonOperator): add_postgre> on 2025-07-21 03:00:00+00:00
[2025-07-22T19:16:33.401+0000] {standard_task_runner.py:63} INFO - Started process 9155 to run task
[2025-07-22T19:16:33.406+0000] {standard_task_runner.py:90} INFO - Running: ['***', 'tasks', 'run', 'news_pipeline', 'add_postgre', 'scheduled__2025-07-21T03:00:00+00:00', '--job-id', '14', '--raw', '--subdir', 'DAGS_FOLDER/dag_news.py', '--cfg-path', '/tmp/tmpo_yq5df4']
[2025-07-22T19:16:33.407+0000] {standard_task_runner.py:91} INFO - Job 14: Subtask add_postgre
[2025-07-22T19:16:33.460+0000] {task_command.py:426} INFO - Running <TaskInstance: news_pipeline.add_postgre scheduled__2025-07-21T03:00:00+00:00 [running]> on host 0255908b9460
[2025-07-22T19:16:33.559+0000] {taskinstance.py:2648} INFO - Exporting env vars: AIRFLOW_CTX_DAG_OWNER='***' AIRFLOW_CTX_DAG_ID='news_pipeline' AIRFLOW_CTX_TASK_ID='add_postgre' AIRFLOW_CTX_EXECUTION_DATE='2025-07-21T03:00:00+00:00' AIRFLOW_CTX_TRY_NUMBER='4' AIRFLOW_CTX_DAG_RUN_ID='scheduled__2025-07-21T03:00:00+00:00'
[2025-07-22T19:16:33.560+0000] {taskinstance.py:430} INFO - ::endgroup::
[2025-07-22T19:16:34.117+0000] {add_postgre.py:13} INFO - ✅ Kết nối PostgreSQL thành công.
[2025-07-22T19:20:43.323+0000] {add_postgre.py:45} ERROR - ❌ Lỗi trong add_postgres: HTTPConnectionPool(host='localhost', port=60135): Read timed out. (read timeout=120)
[2025-07-22T19:20:43.324+0000] {taskinstance.py:441} INFO - ::group::Post task execution logs
[2025-07-22T19:20:43.325+0000] {taskinstance.py:2905} ERROR - Task failed with exception
Traceback (most recent call last):
  File "/home/airflow/.local/lib/python3.10/site-packages/urllib3/connectionpool.py", line 534, in _make_request
    response = conn.getresponse()
  File "/home/airflow/.local/lib/python3.10/site-packages/urllib3/connection.py", line 565, in getresponse
    httplib_response = super().getresponse()
  File "/usr/local/lib/python3.10/http/client.py", line 1375, in getresponse
    response.begin()
  File "/usr/local/lib/python3.10/http/client.py", line 318, in begin
    version, status, reason = self._read_status()
  File "/usr/local/lib/python3.10/http/client.py", line 279, in _read_status
    line = str(self.fp.readline(_MAXLINE + 1), "iso-8859-1")
  File "/usr/local/lib/python3.10/socket.py", line 705, in readinto
    return self._sock.recv_into(b)
TimeoutError: timed out

The above exception was the direct cause of the following exception:

Traceback (most recent call last):
  File "/home/airflow/.local/lib/python3.10/site-packages/airflow/models/taskinstance.py", line 465, in _execute_task
    result = _execute_callable(context=context, **execute_callable_kwargs)
  File "/home/airflow/.local/lib/python3.10/site-packages/airflow/models/taskinstance.py", line 432, in _execute_callable
    return execute_callable(context=context, **execute_callable_kwargs)
  File "/home/airflow/.local/lib/python3.10/site-packages/airflow/models/baseoperator.py", line 400, in wrapper
    return func(self, *args, **kwargs)
  File "/home/airflow/.local/lib/python3.10/site-packages/airflow/operators/python.py", line 235, in execute
    return_value = self.execute_callable()
  File "/home/airflow/.local/lib/python3.10/site-packages/airflow/operators/python.py", line 252, in execute_callable
    return self.python_callable(*self.op_args, **self.op_kwargs)
  File "/opt/airflow/dags/utils/new_pipeline/add_postgre.py", line 16, in add_postgres
    df=tintuc()
  File "/opt/airflow/dags/utils/new_pipeline/merge.py", line 10, in tintuc
    df2=tinnhanh()
  File "/opt/airflow/dags/utils/new_pipeline/tinnhanh_ngay.py", line 28, in tinnhanh
    driver.get(url) #dùng driver mở link
  File "/home/airflow/.local/lib/python3.10/site-packages/selenium/webdriver/remote/webdriver.py", line 479, in get
    self.execute(Command.GET, {"url": url})
  File "/home/airflow/.local/lib/python3.10/site-packages/selenium/webdriver/remote/webdriver.py", line 451, in execute
    response = cast(RemoteConnection, self.command_executor).execute(driver_command, params)
  File "/home/airflow/.local/lib/python3.10/site-packages/selenium/webdriver/remote/remote_connection.py", line 404, in execute
    return self._request(command_info[0], url, body=data)
  File "/home/airflow/.local/lib/python3.10/site-packages/selenium/webdriver/remote/remote_connection.py", line 428, in _request
    response = self._conn.request(method, url, body=body, headers=headers, timeout=self._client_config.timeout)
  File "/home/airflow/.local/lib/python3.10/site-packages/urllib3/_request_methods.py", line 143, in request
    return self.request_encode_body(
  File "/home/airflow/.local/lib/python3.10/site-packages/urllib3/_request_methods.py", line 278, in request_encode_body
    return self.urlopen(method, url, **extra_kw)
  File "/home/airflow/.local/lib/python3.10/site-packages/urllib3/poolmanager.py", line 459, in urlopen
    response = conn.urlopen(method, u.request_uri, **kw)
  File "/home/airflow/.local/lib/python3.10/site-packages/urllib3/connectionpool.py", line 841, in urlopen
    retries = retries.increment(
  File "/home/airflow/.local/lib/python3.10/site-packages/urllib3/util/retry.py", line 474, in increment
    raise reraise(type(error), error, _stacktrace)
  File "/home/airflow/.local/lib/python3.10/site-packages/urllib3/util/util.py", line 39, in reraise
    raise value
  File "/home/airflow/.local/lib/python3.10/site-packages/urllib3/connectionpool.py", line 787, in urlopen
    response = self._make_request(
  File "/home/airflow/.local/lib/python3.10/site-packages/urllib3/connectionpool.py", line 536, in _make_request
    self._raise_timeout(err=e, url=url, timeout_value=read_timeout)
  File "/home/airflow/.local/lib/python3.10/site-packages/urllib3/connectionpool.py", line 367, in _raise_timeout
    raise ReadTimeoutError(
urllib3.exceptions.ReadTimeoutError: HTTPConnectionPool(host='localhost', port=60135): Read timed out. (read timeout=120)
[2025-07-22T19:20:43.347+0000] {taskinstance.py:1206} INFO - Marking task as UP_FOR_RETRY. dag_id=news_pipeline, task_id=add_postgre, run_id=scheduled__2025-07-21T03:00:00+00:00, execution_date=20250721T030000, start_date=20250722T191633, end_date=20250722T192043
[2025-07-22T19:20:43.375+0000] {standard_task_runner.py:110} ERROR - Failed to execute job 14 for task add_postgre (HTTPConnectionPool(host='localhost', port=60135): Read timed out. (read timeout=120); 9155)
[2025-07-22T19:20:43.419+0000] {local_task_job_runner.py:240} INFO - Task exited with return code 1
[2025-07-22T19:20:43.459+0000] {taskinstance.py:3498} INFO - 0 downstream tasks scheduled from follow-on schedule check
[2025-07-22T19:20:43.461+0000] {local_task_job_runner.py:222} INFO - ::endgroup::
