[2025-07-22T11:50:51.174+0000] {local_task_job_runner.py:120} INFO - ::group::Pre task execution logs
[2025-07-22T11:50:51.199+0000] {taskinstance.py:2076} INFO - Dependencies all met for dep_context=non-requeueable deps ti=<TaskInstance: news_pipeline.add_postgre scheduled__2025-07-21T03:00:00+00:00 [queued]>
[2025-07-22T11:50:51.206+0000] {taskinstance.py:2076} INFO - Dependencies all met for dep_context=requeueable deps ti=<TaskInstance: news_pipeline.add_postgre scheduled__2025-07-21T03:00:00+00:00 [queued]>
[2025-07-22T11:50:51.207+0000] {taskinstance.py:2306} INFO - Starting attempt 1 of 11
[2025-07-22T11:50:51.218+0000] {taskinstance.py:2330} INFO - Executing <Task(PythonOperator): add_postgre> on 2025-07-21 03:00:00+00:00
[2025-07-22T11:50:51.224+0000] {standard_task_runner.py:63} INFO - Started process 985 to run task
[2025-07-22T11:50:51.228+0000] {standard_task_runner.py:90} INFO - Running: ['***', 'tasks', 'run', 'news_pipeline', 'add_postgre', 'scheduled__2025-07-21T03:00:00+00:00', '--job-id', '24', '--raw', '--subdir', 'DAGS_FOLDER/dag_news.py', '--cfg-path', '/tmp/tmpzpgh6u4z']
[2025-07-22T11:50:51.230+0000] {standard_task_runner.py:91} INFO - Job 24: Subtask add_postgre
[2025-07-22T11:50:51.281+0000] {task_command.py:426} INFO - Running <TaskInstance: news_pipeline.add_postgre scheduled__2025-07-21T03:00:00+00:00 [running]> on host 6b7e6caedd73
[2025-07-22T11:50:51.358+0000] {taskinstance.py:2648} INFO - Exporting env vars: AIRFLOW_CTX_DAG_OWNER='***' AIRFLOW_CTX_DAG_ID='news_pipeline' AIRFLOW_CTX_TASK_ID='add_postgre' AIRFLOW_CTX_EXECUTION_DATE='2025-07-21T03:00:00+00:00' AIRFLOW_CTX_TRY_NUMBER='1' AIRFLOW_CTX_DAG_RUN_ID='scheduled__2025-07-21T03:00:00+00:00'
[2025-07-22T11:50:51.359+0000] {taskinstance.py:430} INFO - ::endgroup::
[2025-07-22T11:50:51.838+0000] {add_postgre.py:13} INFO - ‚úÖ K·∫øt n·ªëi PostgreSQL th√†nh c√¥ng.
[2025-07-22T11:50:51.976+0000] {logger.py:11} INFO - ====== WebDriver manager ======
[2025-07-22T11:50:52.109+0000] {logger.py:11} INFO - Get LATEST chromedriver version for google-chrome
[2025-07-22T11:50:52.311+0000] {logger.py:11} INFO - Get LATEST chromedriver version for google-chrome
[2025-07-22T11:50:52.527+0000] {logger.py:11} INFO - There is no [linux64] chromedriver "138.0.7204.157" for browser google-chrome "138.0.7204" in cache
[2025-07-22T11:50:52.527+0000] {logger.py:11} INFO - Get LATEST chromedriver version for google-chrome
[2025-07-22T11:50:53.128+0000] {logger.py:11} INFO - WebDriver version 138.0.7204.157 selected
[2025-07-22T11:50:53.135+0000] {logger.py:11} INFO - Modern chrome version https://storage.googleapis.com/chrome-for-testing-public/138.0.7204.157/linux64/chromedriver-linux64.zip
[2025-07-22T11:50:53.136+0000] {logger.py:11} INFO - About to download new driver from https://storage.googleapis.com/chrome-for-testing-public/138.0.7204.157/linux64/chromedriver-linux64.zip
[2025-07-22T11:50:53.394+0000] {logger.py:11} INFO - Driver downloading response is 200
[2025-07-22T11:50:57.195+0000] {logger.py:11} INFO - Get LATEST chromedriver version for google-chrome
[2025-07-22T11:50:57.453+0000] {logger.py:11} INFO - Driver has been saved in cache [/root/.wdm/drivers/chromedriver/linux64/138.0.7204.157]
[2025-07-22T11:51:00.633+0000] {add_postgre.py:45} ERROR - ‚ùå L·ªói trong add_postgres: ('Connection aborted.', RemoteDisconnected('Remote end closed connection without response'))
[2025-07-22T11:51:00.633+0000] {taskinstance.py:441} INFO - ::group::Post task execution logs
[2025-07-22T11:51:00.634+0000] {taskinstance.py:2905} ERROR - Task failed with exception
Traceback (most recent call last):
  File "/home/airflow/.local/lib/python3.10/site-packages/urllib3/connectionpool.py", line 787, in urlopen
    response = self._make_request(
  File "/home/airflow/.local/lib/python3.10/site-packages/urllib3/connectionpool.py", line 534, in _make_request
    response = conn.getresponse()
  File "/home/airflow/.local/lib/python3.10/site-packages/urllib3/connection.py", line 565, in getresponse
    httplib_response = super().getresponse()
  File "/usr/local/lib/python3.10/http/client.py", line 1375, in getresponse
    response.begin()
  File "/usr/local/lib/python3.10/http/client.py", line 318, in begin
    version, status, reason = self._read_status()
  File "/usr/local/lib/python3.10/http/client.py", line 287, in _read_status
    raise RemoteDisconnected("Remote end closed connection without"
http.client.RemoteDisconnected: Remote end closed connection without response

During handling of the above exception, another exception occurred:

Traceback (most recent call last):
  File "/home/airflow/.local/lib/python3.10/site-packages/airflow/models/taskinstance.py", line 465, in _execute_task
    result = _execute_callable(context=context, **execute_callable_kwargs)
  File "/home/airflow/.local/lib/python3.10/site-packages/airflow/models/taskinstance.py", line 432, in _execute_callable
    return execute_callable(context=context, **execute_callable_kwargs)
  File "/home/airflow/.local/lib/python3.10/site-packages/airflow/models/baseoperator.py", line 400, in wrapper
    return func(self, *args, **kwargs)
  File "/home/airflow/.local/lib/python3.10/site-packages/airflow/operators/python.py", line 235, in execute
    return_value = self.execute_callable()
  File "/home/airflow/.local/lib/python3.10/site-packages/airflow/operators/python.py", line 252, in execute_callable
    return self.python_callable(*self.op_args, **self.op_kwargs)
  File "/opt/airflow/dags/utils/new_pipeline/add_postgre.py", line 16, in add_postgres
    df=tintuc()
  File "/opt/airflow/dags/utils/new_pipeline/merge.py", line 9, in tintuc
    df1=vietstock()
  File "/opt/airflow/dags/utils/new_pipeline/vietstock_ngay.py", line 24, in vietstock
    driver.get(url)
  File "/home/airflow/.local/lib/python3.10/site-packages/selenium/webdriver/remote/webdriver.py", line 479, in get
    self.execute(Command.GET, {"url": url})
  File "/home/airflow/.local/lib/python3.10/site-packages/selenium/webdriver/remote/webdriver.py", line 451, in execute
    response = cast(RemoteConnection, self.command_executor).execute(driver_command, params)
  File "/home/airflow/.local/lib/python3.10/site-packages/selenium/webdriver/remote/remote_connection.py", line 404, in execute
    return self._request(command_info[0], url, body=data)
  File "/home/airflow/.local/lib/python3.10/site-packages/selenium/webdriver/remote/remote_connection.py", line 428, in _request
    response = self._conn.request(method, url, body=body, headers=headers, timeout=self._client_config.timeout)
  File "/home/airflow/.local/lib/python3.10/site-packages/urllib3/_request_methods.py", line 143, in request
    return self.request_encode_body(
  File "/home/airflow/.local/lib/python3.10/site-packages/urllib3/_request_methods.py", line 278, in request_encode_body
    return self.urlopen(method, url, **extra_kw)
  File "/home/airflow/.local/lib/python3.10/site-packages/urllib3/poolmanager.py", line 459, in urlopen
    response = conn.urlopen(method, u.request_uri, **kw)
  File "/home/airflow/.local/lib/python3.10/site-packages/urllib3/connectionpool.py", line 841, in urlopen
    retries = retries.increment(
  File "/home/airflow/.local/lib/python3.10/site-packages/urllib3/util/retry.py", line 474, in increment
    raise reraise(type(error), error, _stacktrace)
  File "/home/airflow/.local/lib/python3.10/site-packages/urllib3/util/util.py", line 38, in reraise
    raise value.with_traceback(tb)
  File "/home/airflow/.local/lib/python3.10/site-packages/urllib3/connectionpool.py", line 787, in urlopen
    response = self._make_request(
  File "/home/airflow/.local/lib/python3.10/site-packages/urllib3/connectionpool.py", line 534, in _make_request
    response = conn.getresponse()
  File "/home/airflow/.local/lib/python3.10/site-packages/urllib3/connection.py", line 565, in getresponse
    httplib_response = super().getresponse()
  File "/usr/local/lib/python3.10/http/client.py", line 1375, in getresponse
    response.begin()
  File "/usr/local/lib/python3.10/http/client.py", line 318, in begin
    version, status, reason = self._read_status()
  File "/usr/local/lib/python3.10/http/client.py", line 287, in _read_status
    raise RemoteDisconnected("Remote end closed connection without"
urllib3.exceptions.ProtocolError: ('Connection aborted.', RemoteDisconnected('Remote end closed connection without response'))
[2025-07-22T11:51:00.652+0000] {taskinstance.py:1206} INFO - Marking task as UP_FOR_RETRY. dag_id=news_pipeline, task_id=add_postgre, run_id=scheduled__2025-07-21T03:00:00+00:00, execution_date=20250721T030000, start_date=20250722T115051, end_date=20250722T115100
[2025-07-22T11:51:00.666+0000] {standard_task_runner.py:110} ERROR - Failed to execute job 24 for task add_postgre (('Connection aborted.', RemoteDisconnected('Remote end closed connection without response')); 985)
[2025-07-22T11:51:00.721+0000] {local_task_job_runner.py:240} INFO - Task exited with return code 1
[2025-07-22T11:51:00.758+0000] {taskinstance.py:3498} INFO - 0 downstream tasks scheduled from follow-on schedule check
[2025-07-22T11:51:00.760+0000] {local_task_job_runner.py:222} INFO - ::endgroup::
[2025-07-22T11:52:03.412+0000] {local_task_job_runner.py:120} INFO - ::group::Pre task execution logs
[2025-07-22T11:52:03.441+0000] {taskinstance.py:2076} INFO - Dependencies all met for dep_context=non-requeueable deps ti=<TaskInstance: news_pipeline.add_postgre scheduled__2025-07-21T03:00:00+00:00 [queued]>
[2025-07-22T11:52:03.450+0000] {taskinstance.py:2076} INFO - Dependencies all met for dep_context=requeueable deps ti=<TaskInstance: news_pipeline.add_postgre scheduled__2025-07-21T03:00:00+00:00 [queued]>
[2025-07-22T11:52:03.450+0000] {taskinstance.py:2306} INFO - Starting attempt 1 of 11
[2025-07-22T11:52:03.463+0000] {taskinstance.py:2330} INFO - Executing <Task(PythonOperator): add_postgre> on 2025-07-21 03:00:00+00:00
[2025-07-22T11:52:03.470+0000] {standard_task_runner.py:63} INFO - Started process 2341 to run task
[2025-07-22T11:52:03.475+0000] {standard_task_runner.py:90} INFO - Running: ['***', 'tasks', 'run', 'news_pipeline', 'add_postgre', 'scheduled__2025-07-21T03:00:00+00:00', '--job-id', '25', '--raw', '--subdir', 'DAGS_FOLDER/dag_news.py', '--cfg-path', '/tmp/tmpb5n1sw5b']
[2025-07-22T11:52:03.476+0000] {standard_task_runner.py:91} INFO - Job 25: Subtask add_postgre
[2025-07-22T11:52:03.527+0000] {task_command.py:426} INFO - Running <TaskInstance: news_pipeline.add_postgre scheduled__2025-07-21T03:00:00+00:00 [running]> on host 6b7e6caedd73
[2025-07-22T11:52:03.650+0000] {taskinstance.py:2648} INFO - Exporting env vars: AIRFLOW_CTX_DAG_OWNER='***' AIRFLOW_CTX_DAG_ID='news_pipeline' AIRFLOW_CTX_TASK_ID='add_postgre' AIRFLOW_CTX_EXECUTION_DATE='2025-07-21T03:00:00+00:00' AIRFLOW_CTX_TRY_NUMBER='1' AIRFLOW_CTX_DAG_RUN_ID='scheduled__2025-07-21T03:00:00+00:00'
[2025-07-22T11:52:03.651+0000] {taskinstance.py:430} INFO - ::endgroup::
[2025-07-22T11:52:04.104+0000] {add_postgre.py:13} INFO - ‚úÖ K·∫øt n·ªëi PostgreSQL th√†nh c√¥ng.
[2025-07-22T11:52:04.239+0000] {logger.py:11} INFO - ====== WebDriver manager ======
[2025-07-22T11:52:04.366+0000] {logger.py:11} INFO - Get LATEST chromedriver version for google-chrome
[2025-07-22T11:52:04.598+0000] {logger.py:11} INFO - Get LATEST chromedriver version for google-chrome
[2025-07-22T11:52:04.830+0000] {logger.py:11} INFO - Driver [/root/.wdm/drivers/chromedriver/linux64/138.0.7204.157/chromedriver] found in cache
[2025-07-22T11:54:13.545+0000] {logger.py:11} INFO - ====== WebDriver manager ======
[2025-07-22T11:54:13.684+0000] {logger.py:11} INFO - Get LATEST chromedriver version for google-chrome
[2025-07-22T11:54:13.914+0000] {logger.py:11} INFO - Get LATEST chromedriver version for google-chrome
[2025-07-22T11:54:14.158+0000] {logger.py:11} INFO - Driver [/root/.wdm/drivers/chromedriver/linux64/138.0.7204.157/chromedriver] found in cache
[2025-07-22T11:56:14.637+0000] {add_postgre.py:45} ERROR - ‚ùå L·ªói trong add_postgres: HTTPConnectionPool(host='localhost', port=33409): Read timed out. (read timeout=120)
[2025-07-22T11:56:14.638+0000] {taskinstance.py:441} INFO - ::group::Post task execution logs
[2025-07-22T11:56:14.640+0000] {taskinstance.py:2905} ERROR - Task failed with exception
Traceback (most recent call last):
  File "/home/airflow/.local/lib/python3.10/site-packages/urllib3/connectionpool.py", line 534, in _make_request
    response = conn.getresponse()
  File "/home/airflow/.local/lib/python3.10/site-packages/urllib3/connection.py", line 565, in getresponse
    httplib_response = super().getresponse()
  File "/usr/local/lib/python3.10/http/client.py", line 1375, in getresponse
    response.begin()
  File "/usr/local/lib/python3.10/http/client.py", line 318, in begin
    version, status, reason = self._read_status()
  File "/usr/local/lib/python3.10/http/client.py", line 279, in _read_status
    line = str(self.fp.readline(_MAXLINE + 1), "iso-8859-1")
  File "/usr/local/lib/python3.10/socket.py", line 705, in readinto
    return self._sock.recv_into(b)
TimeoutError: timed out

The above exception was the direct cause of the following exception:

Traceback (most recent call last):
  File "/home/airflow/.local/lib/python3.10/site-packages/airflow/models/taskinstance.py", line 465, in _execute_task
    result = _execute_callable(context=context, **execute_callable_kwargs)
  File "/home/airflow/.local/lib/python3.10/site-packages/airflow/models/taskinstance.py", line 432, in _execute_callable
    return execute_callable(context=context, **execute_callable_kwargs)
  File "/home/airflow/.local/lib/python3.10/site-packages/airflow/models/baseoperator.py", line 400, in wrapper
    return func(self, *args, **kwargs)
  File "/home/airflow/.local/lib/python3.10/site-packages/airflow/operators/python.py", line 235, in execute
    return_value = self.execute_callable()
  File "/home/airflow/.local/lib/python3.10/site-packages/airflow/operators/python.py", line 252, in execute_callable
    return self.python_callable(*self.op_args, **self.op_kwargs)
  File "/opt/airflow/dags/utils/new_pipeline/add_postgre.py", line 16, in add_postgres
    df=tintuc()
  File "/opt/airflow/dags/utils/new_pipeline/merge.py", line 10, in tintuc
    df2=tinnhanh()
  File "/opt/airflow/dags/utils/new_pipeline/tinnhanh_ngay.py", line 28, in tinnhanh
    driver.get(url) #d√πng driver m·ªü link
  File "/home/airflow/.local/lib/python3.10/site-packages/selenium/webdriver/remote/webdriver.py", line 479, in get
    self.execute(Command.GET, {"url": url})
  File "/home/airflow/.local/lib/python3.10/site-packages/selenium/webdriver/remote/webdriver.py", line 451, in execute
    response = cast(RemoteConnection, self.command_executor).execute(driver_command, params)
  File "/home/airflow/.local/lib/python3.10/site-packages/selenium/webdriver/remote/remote_connection.py", line 404, in execute
    return self._request(command_info[0], url, body=data)
  File "/home/airflow/.local/lib/python3.10/site-packages/selenium/webdriver/remote/remote_connection.py", line 428, in _request
    response = self._conn.request(method, url, body=body, headers=headers, timeout=self._client_config.timeout)
  File "/home/airflow/.local/lib/python3.10/site-packages/urllib3/_request_methods.py", line 143, in request
    return self.request_encode_body(
  File "/home/airflow/.local/lib/python3.10/site-packages/urllib3/_request_methods.py", line 278, in request_encode_body
    return self.urlopen(method, url, **extra_kw)
  File "/home/airflow/.local/lib/python3.10/site-packages/urllib3/poolmanager.py", line 459, in urlopen
    response = conn.urlopen(method, u.request_uri, **kw)
  File "/home/airflow/.local/lib/python3.10/site-packages/urllib3/connectionpool.py", line 841, in urlopen
    retries = retries.increment(
  File "/home/airflow/.local/lib/python3.10/site-packages/urllib3/util/retry.py", line 474, in increment
    raise reraise(type(error), error, _stacktrace)
  File "/home/airflow/.local/lib/python3.10/site-packages/urllib3/util/util.py", line 39, in reraise
    raise value
  File "/home/airflow/.local/lib/python3.10/site-packages/urllib3/connectionpool.py", line 787, in urlopen
    response = self._make_request(
  File "/home/airflow/.local/lib/python3.10/site-packages/urllib3/connectionpool.py", line 536, in _make_request
    self._raise_timeout(err=e, url=url, timeout_value=read_timeout)
  File "/home/airflow/.local/lib/python3.10/site-packages/urllib3/connectionpool.py", line 367, in _raise_timeout
    raise ReadTimeoutError(
urllib3.exceptions.ReadTimeoutError: HTTPConnectionPool(host='localhost', port=33409): Read timed out. (read timeout=120)
[2025-07-22T11:56:14.672+0000] {taskinstance.py:1206} INFO - Marking task as UP_FOR_RETRY. dag_id=news_pipeline, task_id=add_postgre, run_id=scheduled__2025-07-21T03:00:00+00:00, execution_date=20250721T030000, start_date=20250722T115203, end_date=20250722T115614
[2025-07-22T11:56:14.965+0000] {standard_task_runner.py:110} ERROR - Failed to execute job 25 for task add_postgre (HTTPConnectionPool(host='localhost', port=33409): Read timed out. (read timeout=120); 2341)
[2025-07-22T11:56:15.025+0000] {local_task_job_runner.py:240} INFO - Task exited with return code 1
[2025-07-22T11:56:15.066+0000] {taskinstance.py:3498} INFO - 0 downstream tasks scheduled from follow-on schedule check
[2025-07-22T11:56:15.068+0000] {local_task_job_runner.py:222} INFO - ::endgroup::
[2025-07-22T15:10:37.714+0000] {local_task_job_runner.py:120} INFO - ::group::Pre task execution logs
[2025-07-22T15:10:37.739+0000] {taskinstance.py:2076} INFO - Dependencies all met for dep_context=non-requeueable deps ti=<TaskInstance: news_pipeline.add_postgre scheduled__2025-07-21T03:00:00+00:00 [queued]>
[2025-07-22T15:10:37.747+0000] {taskinstance.py:2076} INFO - Dependencies all met for dep_context=requeueable deps ti=<TaskInstance: news_pipeline.add_postgre scheduled__2025-07-21T03:00:00+00:00 [queued]>
[2025-07-22T15:10:37.747+0000] {taskinstance.py:2306} INFO - Starting attempt 1 of 11
[2025-07-22T15:10:37.760+0000] {taskinstance.py:2330} INFO - Executing <Task(PythonOperator): add_postgre> on 2025-07-21 03:00:00+00:00
[2025-07-22T15:10:37.766+0000] {standard_task_runner.py:63} INFO - Started process 215 to run task
[2025-07-22T15:10:37.771+0000] {standard_task_runner.py:90} INFO - Running: ['***', 'tasks', 'run', 'news_pipeline', 'add_postgre', 'scheduled__2025-07-21T03:00:00+00:00', '--job-id', '3', '--raw', '--subdir', 'DAGS_FOLDER/dag_news.py', '--cfg-path', '/tmp/tmp5vovdxhb']
[2025-07-22T15:10:37.772+0000] {standard_task_runner.py:91} INFO - Job 3: Subtask add_postgre
[2025-07-22T15:10:37.833+0000] {task_command.py:426} INFO - Running <TaskInstance: news_pipeline.add_postgre scheduled__2025-07-21T03:00:00+00:00 [running]> on host 0255908b9460
[2025-07-22T15:10:37.920+0000] {taskinstance.py:2648} INFO - Exporting env vars: AIRFLOW_CTX_DAG_OWNER='***' AIRFLOW_CTX_DAG_ID='news_pipeline' AIRFLOW_CTX_TASK_ID='add_postgre' AIRFLOW_CTX_EXECUTION_DATE='2025-07-21T03:00:00+00:00' AIRFLOW_CTX_TRY_NUMBER='1' AIRFLOW_CTX_DAG_RUN_ID='scheduled__2025-07-21T03:00:00+00:00'
[2025-07-22T15:10:37.920+0000] {taskinstance.py:430} INFO - ::endgroup::
[2025-07-22T15:10:38.812+0000] {add_postgre.py:13} INFO - ‚úÖ K·∫øt n·ªëi PostgreSQL th√†nh c√¥ng.
[2025-07-22T15:15:26.082+0000] {add_postgre.py:26} INFO - üì≠ Kh√¥ng c√≥ b·∫£n ghi m·ªõi ƒë·ªÉ th√™m v√†o b·∫£ng News.
[2025-07-22T15:15:26.084+0000] {python.py:237} INFO - Done. Returned value was: Kh√¥ng c√≥ b·∫£n ghi m·ªõi
[2025-07-22T15:15:26.085+0000] {taskinstance.py:441} INFO - ::group::Post task execution logs
[2025-07-22T15:15:26.126+0000] {taskinstance.py:1206} INFO - Marking task as SUCCESS. dag_id=news_pipeline, task_id=add_postgre, run_id=scheduled__2025-07-21T03:00:00+00:00, execution_date=20250721T030000, start_date=20250722T151037, end_date=20250722T151526
[2025-07-22T15:15:26.199+0000] {local_task_job_runner.py:240} INFO - Task exited with return code 0
[2025-07-22T15:15:26.223+0000] {taskinstance.py:3498} INFO - 1 downstream tasks scheduled from follow-on schedule check
[2025-07-22T15:15:26.225+0000] {local_task_job_runner.py:222} INFO - ::endgroup::
[2025-07-22T16:04:00.802+0000] {local_task_job_runner.py:120} INFO - ::group::Pre task execution logs
[2025-07-22T16:04:00.828+0000] {taskinstance.py:2076} INFO - Dependencies all met for dep_context=non-requeueable deps ti=<TaskInstance: news_pipeline.add_postgre scheduled__2025-07-21T03:00:00+00:00 [queued]>
[2025-07-22T16:04:00.837+0000] {taskinstance.py:2076} INFO - Dependencies all met for dep_context=requeueable deps ti=<TaskInstance: news_pipeline.add_postgre scheduled__2025-07-21T03:00:00+00:00 [queued]>
[2025-07-22T16:04:00.838+0000] {taskinstance.py:2306} INFO - Starting attempt 1 of 11
[2025-07-22T16:04:00.851+0000] {taskinstance.py:2330} INFO - Executing <Task(PythonOperator): add_postgre> on 2025-07-21 03:00:00+00:00
[2025-07-22T16:04:00.858+0000] {standard_task_runner.py:63} INFO - Started process 4264 to run task
[2025-07-22T16:04:00.865+0000] {standard_task_runner.py:90} INFO - Running: ['***', 'tasks', 'run', 'news_pipeline', 'add_postgre', 'scheduled__2025-07-21T03:00:00+00:00', '--job-id', '11', '--raw', '--subdir', 'DAGS_FOLDER/dag_news.py', '--cfg-path', '/tmp/tmphv82595i']
[2025-07-22T16:04:00.866+0000] {standard_task_runner.py:91} INFO - Job 11: Subtask add_postgre
[2025-07-22T16:04:00.927+0000] {task_command.py:426} INFO - Running <TaskInstance: news_pipeline.add_postgre scheduled__2025-07-21T03:00:00+00:00 [running]> on host 0255908b9460
[2025-07-22T16:04:01.019+0000] {taskinstance.py:2648} INFO - Exporting env vars: AIRFLOW_CTX_DAG_OWNER='***' AIRFLOW_CTX_DAG_ID='news_pipeline' AIRFLOW_CTX_TASK_ID='add_postgre' AIRFLOW_CTX_EXECUTION_DATE='2025-07-21T03:00:00+00:00' AIRFLOW_CTX_TRY_NUMBER='1' AIRFLOW_CTX_DAG_RUN_ID='scheduled__2025-07-21T03:00:00+00:00'
[2025-07-22T16:04:01.020+0000] {taskinstance.py:430} INFO - ::endgroup::
[2025-07-22T16:04:01.605+0000] {add_postgre.py:13} INFO - ‚úÖ K·∫øt n·ªëi PostgreSQL th√†nh c√¥ng.
[2025-07-22T16:08:11.463+0000] {add_postgre.py:45} ERROR - ‚ùå L·ªói trong add_postgres: HTTPConnectionPool(host='localhost', port=47343): Read timed out. (read timeout=120)
[2025-07-22T16:08:11.465+0000] {taskinstance.py:441} INFO - ::group::Post task execution logs
[2025-07-22T16:08:11.466+0000] {taskinstance.py:2905} ERROR - Task failed with exception
Traceback (most recent call last):
  File "/home/airflow/.local/lib/python3.10/site-packages/urllib3/connectionpool.py", line 534, in _make_request
    response = conn.getresponse()
  File "/home/airflow/.local/lib/python3.10/site-packages/urllib3/connection.py", line 565, in getresponse
    httplib_response = super().getresponse()
  File "/usr/local/lib/python3.10/http/client.py", line 1375, in getresponse
    response.begin()
  File "/usr/local/lib/python3.10/http/client.py", line 318, in begin
    version, status, reason = self._read_status()
  File "/usr/local/lib/python3.10/http/client.py", line 279, in _read_status
    line = str(self.fp.readline(_MAXLINE + 1), "iso-8859-1")
  File "/usr/local/lib/python3.10/socket.py", line 705, in readinto
    return self._sock.recv_into(b)
TimeoutError: timed out

The above exception was the direct cause of the following exception:

Traceback (most recent call last):
  File "/home/airflow/.local/lib/python3.10/site-packages/airflow/models/taskinstance.py", line 465, in _execute_task
    result = _execute_callable(context=context, **execute_callable_kwargs)
  File "/home/airflow/.local/lib/python3.10/site-packages/airflow/models/taskinstance.py", line 432, in _execute_callable
    return execute_callable(context=context, **execute_callable_kwargs)
  File "/home/airflow/.local/lib/python3.10/site-packages/airflow/models/baseoperator.py", line 400, in wrapper
    return func(self, *args, **kwargs)
  File "/home/airflow/.local/lib/python3.10/site-packages/airflow/operators/python.py", line 235, in execute
    return_value = self.execute_callable()
  File "/home/airflow/.local/lib/python3.10/site-packages/airflow/operators/python.py", line 252, in execute_callable
    return self.python_callable(*self.op_args, **self.op_kwargs)
  File "/opt/airflow/dags/utils/new_pipeline/add_postgre.py", line 16, in add_postgres
    df=tintuc()
  File "/opt/airflow/dags/utils/new_pipeline/merge.py", line 10, in tintuc
    df2=tinnhanh()
  File "/opt/airflow/dags/utils/new_pipeline/tinnhanh_ngay.py", line 28, in tinnhanh
    driver.get(url) #d√πng driver m·ªü link
  File "/home/airflow/.local/lib/python3.10/site-packages/selenium/webdriver/remote/webdriver.py", line 479, in get
    self.execute(Command.GET, {"url": url})
  File "/home/airflow/.local/lib/python3.10/site-packages/selenium/webdriver/remote/webdriver.py", line 451, in execute
    response = cast(RemoteConnection, self.command_executor).execute(driver_command, params)
  File "/home/airflow/.local/lib/python3.10/site-packages/selenium/webdriver/remote/remote_connection.py", line 404, in execute
    return self._request(command_info[0], url, body=data)
  File "/home/airflow/.local/lib/python3.10/site-packages/selenium/webdriver/remote/remote_connection.py", line 428, in _request
    response = self._conn.request(method, url, body=body, headers=headers, timeout=self._client_config.timeout)
  File "/home/airflow/.local/lib/python3.10/site-packages/urllib3/_request_methods.py", line 143, in request
    return self.request_encode_body(
  File "/home/airflow/.local/lib/python3.10/site-packages/urllib3/_request_methods.py", line 278, in request_encode_body
    return self.urlopen(method, url, **extra_kw)
  File "/home/airflow/.local/lib/python3.10/site-packages/urllib3/poolmanager.py", line 459, in urlopen
    response = conn.urlopen(method, u.request_uri, **kw)
  File "/home/airflow/.local/lib/python3.10/site-packages/urllib3/connectionpool.py", line 841, in urlopen
    retries = retries.increment(
  File "/home/airflow/.local/lib/python3.10/site-packages/urllib3/util/retry.py", line 474, in increment
    raise reraise(type(error), error, _stacktrace)
  File "/home/airflow/.local/lib/python3.10/site-packages/urllib3/util/util.py", line 39, in reraise
    raise value
  File "/home/airflow/.local/lib/python3.10/site-packages/urllib3/connectionpool.py", line 787, in urlopen
    response = self._make_request(
  File "/home/airflow/.local/lib/python3.10/site-packages/urllib3/connectionpool.py", line 536, in _make_request
    self._raise_timeout(err=e, url=url, timeout_value=read_timeout)
  File "/home/airflow/.local/lib/python3.10/site-packages/urllib3/connectionpool.py", line 367, in _raise_timeout
    raise ReadTimeoutError(
urllib3.exceptions.ReadTimeoutError: HTTPConnectionPool(host='localhost', port=47343): Read timed out. (read timeout=120)
[2025-07-22T16:08:11.491+0000] {taskinstance.py:1206} INFO - Marking task as UP_FOR_RETRY. dag_id=news_pipeline, task_id=add_postgre, run_id=scheduled__2025-07-21T03:00:00+00:00, execution_date=20250721T030000, start_date=20250722T160400, end_date=20250722T160811
[2025-07-22T16:08:11.516+0000] {standard_task_runner.py:110} ERROR - Failed to execute job 11 for task add_postgre (HTTPConnectionPool(host='localhost', port=47343): Read timed out. (read timeout=120); 4264)
[2025-07-22T16:08:11.559+0000] {local_task_job_runner.py:240} INFO - Task exited with return code 1
[2025-07-22T16:08:11.599+0000] {taskinstance.py:3498} INFO - 0 downstream tasks scheduled from follow-on schedule check
[2025-07-22T16:08:11.601+0000] {local_task_job_runner.py:222} INFO - ::endgroup::
