[2025-07-22T11:50:50.929+0000] {local_task_job_runner.py:120} INFO - ::group::Pre task execution logs
[2025-07-22T11:50:50.954+0000] {taskinstance.py:2076} INFO - Dependencies all met for dep_context=non-requeueable deps ti=<TaskInstance: news_pipeline.add_postgre scheduled__2025-07-19T03:00:00+00:00 [queued]>
[2025-07-22T11:50:50.963+0000] {taskinstance.py:2076} INFO - Dependencies all met for dep_context=requeueable deps ti=<TaskInstance: news_pipeline.add_postgre scheduled__2025-07-19T03:00:00+00:00 [queued]>
[2025-07-22T11:50:50.963+0000] {taskinstance.py:2306} INFO - Starting attempt 1 of 11
[2025-07-22T11:50:50.976+0000] {taskinstance.py:2330} INFO - Executing <Task(PythonOperator): add_postgre> on 2025-07-19 03:00:00+00:00
[2025-07-22T11:50:50.982+0000] {standard_task_runner.py:63} INFO - Started process 981 to run task
[2025-07-22T11:50:50.986+0000] {standard_task_runner.py:90} INFO - Running: ['***', 'tasks', 'run', 'news_pipeline', 'add_postgre', 'scheduled__2025-07-19T03:00:00+00:00', '--job-id', '22', '--raw', '--subdir', 'DAGS_FOLDER/dag_news.py', '--cfg-path', '/tmp/tmpldoe82ef']
[2025-07-22T11:50:50.987+0000] {standard_task_runner.py:91} INFO - Job 22: Subtask add_postgre
[2025-07-22T11:50:51.029+0000] {task_command.py:426} INFO - Running <TaskInstance: news_pipeline.add_postgre scheduled__2025-07-19T03:00:00+00:00 [running]> on host 6b7e6caedd73
[2025-07-22T11:50:51.121+0000] {taskinstance.py:2648} INFO - Exporting env vars: AIRFLOW_CTX_DAG_OWNER='***' AIRFLOW_CTX_DAG_ID='news_pipeline' AIRFLOW_CTX_TASK_ID='add_postgre' AIRFLOW_CTX_EXECUTION_DATE='2025-07-19T03:00:00+00:00' AIRFLOW_CTX_TRY_NUMBER='1' AIRFLOW_CTX_DAG_RUN_ID='scheduled__2025-07-19T03:00:00+00:00'
[2025-07-22T11:50:51.122+0000] {taskinstance.py:430} INFO - ::endgroup::
[2025-07-22T11:50:51.725+0000] {add_postgre.py:13} INFO - ✅ Kết nối PostgreSQL thành công.
[2025-07-22T11:50:51.863+0000] {logger.py:11} INFO - ====== WebDriver manager ======
[2025-07-22T11:50:52.020+0000] {logger.py:11} INFO - Get LATEST chromedriver version for google-chrome
[2025-07-22T11:50:52.278+0000] {logger.py:11} INFO - Get LATEST chromedriver version for google-chrome
[2025-07-22T11:50:52.505+0000] {logger.py:11} INFO - There is no [linux64] chromedriver "138.0.7204.157" for browser google-chrome "138.0.7204" in cache
[2025-07-22T11:50:52.505+0000] {logger.py:11} INFO - Get LATEST chromedriver version for google-chrome
[2025-07-22T11:50:53.071+0000] {logger.py:11} INFO - WebDriver version 138.0.7204.157 selected
[2025-07-22T11:50:53.077+0000] {logger.py:11} INFO - Modern chrome version https://storage.googleapis.com/chrome-for-testing-public/138.0.7204.157/linux64/chromedriver-linux64.zip
[2025-07-22T11:50:53.078+0000] {logger.py:11} INFO - About to download new driver from https://storage.googleapis.com/chrome-for-testing-public/138.0.7204.157/linux64/chromedriver-linux64.zip
[2025-07-22T11:50:53.324+0000] {logger.py:11} INFO - Driver downloading response is 200
[2025-07-22T11:50:56.825+0000] {logger.py:11} INFO - Get LATEST chromedriver version for google-chrome
[2025-07-22T11:50:57.269+0000] {logger.py:11} INFO - Driver has been saved in cache [/root/.wdm/drivers/chromedriver/linux64/138.0.7204.157]
[2025-07-22T11:51:00.719+0000] {add_postgre.py:45} ERROR - ❌ Lỗi trong add_postgres: ('Connection aborted.', RemoteDisconnected('Remote end closed connection without response'))
[2025-07-22T11:51:00.719+0000] {taskinstance.py:441} INFO - ::group::Post task execution logs
[2025-07-22T11:51:00.720+0000] {taskinstance.py:2905} ERROR - Task failed with exception
Traceback (most recent call last):
  File "/home/airflow/.local/lib/python3.10/site-packages/urllib3/connectionpool.py", line 787, in urlopen
    response = self._make_request(
  File "/home/airflow/.local/lib/python3.10/site-packages/urllib3/connectionpool.py", line 534, in _make_request
    response = conn.getresponse()
  File "/home/airflow/.local/lib/python3.10/site-packages/urllib3/connection.py", line 565, in getresponse
    httplib_response = super().getresponse()
  File "/usr/local/lib/python3.10/http/client.py", line 1375, in getresponse
    response.begin()
  File "/usr/local/lib/python3.10/http/client.py", line 318, in begin
    version, status, reason = self._read_status()
  File "/usr/local/lib/python3.10/http/client.py", line 287, in _read_status
    raise RemoteDisconnected("Remote end closed connection without"
http.client.RemoteDisconnected: Remote end closed connection without response

During handling of the above exception, another exception occurred:

Traceback (most recent call last):
  File "/home/airflow/.local/lib/python3.10/site-packages/airflow/models/taskinstance.py", line 465, in _execute_task
    result = _execute_callable(context=context, **execute_callable_kwargs)
  File "/home/airflow/.local/lib/python3.10/site-packages/airflow/models/taskinstance.py", line 432, in _execute_callable
    return execute_callable(context=context, **execute_callable_kwargs)
  File "/home/airflow/.local/lib/python3.10/site-packages/airflow/models/baseoperator.py", line 400, in wrapper
    return func(self, *args, **kwargs)
  File "/home/airflow/.local/lib/python3.10/site-packages/airflow/operators/python.py", line 235, in execute
    return_value = self.execute_callable()
  File "/home/airflow/.local/lib/python3.10/site-packages/airflow/operators/python.py", line 252, in execute_callable
    return self.python_callable(*self.op_args, **self.op_kwargs)
  File "/opt/airflow/dags/utils/new_pipeline/add_postgre.py", line 16, in add_postgres
    df=tintuc()
  File "/opt/airflow/dags/utils/new_pipeline/merge.py", line 9, in tintuc
    df1=vietstock()
  File "/opt/airflow/dags/utils/new_pipeline/vietstock_ngay.py", line 24, in vietstock
    driver.get(url)
  File "/home/airflow/.local/lib/python3.10/site-packages/selenium/webdriver/remote/webdriver.py", line 479, in get
    self.execute(Command.GET, {"url": url})
  File "/home/airflow/.local/lib/python3.10/site-packages/selenium/webdriver/remote/webdriver.py", line 451, in execute
    response = cast(RemoteConnection, self.command_executor).execute(driver_command, params)
  File "/home/airflow/.local/lib/python3.10/site-packages/selenium/webdriver/remote/remote_connection.py", line 404, in execute
    return self._request(command_info[0], url, body=data)
  File "/home/airflow/.local/lib/python3.10/site-packages/selenium/webdriver/remote/remote_connection.py", line 428, in _request
    response = self._conn.request(method, url, body=body, headers=headers, timeout=self._client_config.timeout)
  File "/home/airflow/.local/lib/python3.10/site-packages/urllib3/_request_methods.py", line 143, in request
    return self.request_encode_body(
  File "/home/airflow/.local/lib/python3.10/site-packages/urllib3/_request_methods.py", line 278, in request_encode_body
    return self.urlopen(method, url, **extra_kw)
  File "/home/airflow/.local/lib/python3.10/site-packages/urllib3/poolmanager.py", line 459, in urlopen
    response = conn.urlopen(method, u.request_uri, **kw)
  File "/home/airflow/.local/lib/python3.10/site-packages/urllib3/connectionpool.py", line 841, in urlopen
    retries = retries.increment(
  File "/home/airflow/.local/lib/python3.10/site-packages/urllib3/util/retry.py", line 474, in increment
    raise reraise(type(error), error, _stacktrace)
  File "/home/airflow/.local/lib/python3.10/site-packages/urllib3/util/util.py", line 38, in reraise
    raise value.with_traceback(tb)
  File "/home/airflow/.local/lib/python3.10/site-packages/urllib3/connectionpool.py", line 787, in urlopen
    response = self._make_request(
  File "/home/airflow/.local/lib/python3.10/site-packages/urllib3/connectionpool.py", line 534, in _make_request
    response = conn.getresponse()
  File "/home/airflow/.local/lib/python3.10/site-packages/urllib3/connection.py", line 565, in getresponse
    httplib_response = super().getresponse()
  File "/usr/local/lib/python3.10/http/client.py", line 1375, in getresponse
    response.begin()
  File "/usr/local/lib/python3.10/http/client.py", line 318, in begin
    version, status, reason = self._read_status()
  File "/usr/local/lib/python3.10/http/client.py", line 287, in _read_status
    raise RemoteDisconnected("Remote end closed connection without"
urllib3.exceptions.ProtocolError: ('Connection aborted.', RemoteDisconnected('Remote end closed connection without response'))
[2025-07-22T11:51:00.736+0000] {taskinstance.py:1206} INFO - Marking task as UP_FOR_RETRY. dag_id=news_pipeline, task_id=add_postgre, run_id=scheduled__2025-07-19T03:00:00+00:00, execution_date=20250719T030000, start_date=20250722T115050, end_date=20250722T115100
[2025-07-22T11:51:00.763+0000] {standard_task_runner.py:110} ERROR - Failed to execute job 22 for task add_postgre (('Connection aborted.', RemoteDisconnected('Remote end closed connection without response')); 981)
[2025-07-22T11:51:00.802+0000] {local_task_job_runner.py:240} INFO - Task exited with return code 1
[2025-07-22T11:51:00.837+0000] {taskinstance.py:3498} INFO - 0 downstream tasks scheduled from follow-on schedule check
[2025-07-22T11:51:00.839+0000] {local_task_job_runner.py:222} INFO - ::endgroup::
