[2025-09-05T17:00:01.874+0000] {local_task_job_runner.py:120} INFO - ::group::Pre task execution logs
[2025-09-05T17:00:01.902+0000] {taskinstance.py:2076} INFO - Dependencies all met for dep_context=non-requeueable deps ti=<TaskInstance: foreign_1_live.save_foreign_1 scheduled__2025-09-05T16:59:00+00:00 [queued]>
[2025-09-05T17:00:01.911+0000] {taskinstance.py:2076} INFO - Dependencies all met for dep_context=requeueable deps ti=<TaskInstance: foreign_1_live.save_foreign_1 scheduled__2025-09-05T16:59:00+00:00 [queued]>
[2025-09-05T17:00:01.912+0000] {taskinstance.py:2306} INFO - Starting attempt 1 of 11
[2025-09-05T17:00:01.925+0000] {taskinstance.py:2330} INFO - Executing <Task(PythonOperator): save_foreign_1> on 2025-09-05 16:59:00+00:00
[2025-09-05T17:00:01.934+0000] {standard_task_runner.py:63} INFO - Started process 35412 to run task
[2025-09-05T17:00:01.938+0000] {standard_task_runner.py:90} INFO - Running: ['***', 'tasks', 'run', 'foreign_1_live', 'save_foreign_1', 'scheduled__2025-09-05T16:59:00+00:00', '--job-id', '118166', '--raw', '--subdir', 'DAGS_FOLDER/dag_foreign_1_live.py', '--cfg-path', '/tmp/tmpv2p1vi2t']
[2025-09-05T17:00:01.942+0000] {standard_task_runner.py:91} INFO - Job 118166: Subtask save_foreign_1
[2025-09-05T17:00:01.996+0000] {task_command.py:426} INFO - Running <TaskInstance: foreign_1_live.save_foreign_1 scheduled__2025-09-05T16:59:00+00:00 [running]> on host d4d2fe648a81
[2025-09-05T17:00:02.094+0000] {taskinstance.py:2648} INFO - Exporting env vars: AIRFLOW_CTX_DAG_OWNER='***' AIRFLOW_CTX_DAG_ID='foreign_1_live' AIRFLOW_CTX_TASK_ID='save_foreign_1' AIRFLOW_CTX_EXECUTION_DATE='2025-09-05T16:59:00+00:00' AIRFLOW_CTX_TRY_NUMBER='1' AIRFLOW_CTX_DAG_RUN_ID='scheduled__2025-09-05T16:59:00+00:00'
[2025-09-05T17:00:02.095+0000] {taskinstance.py:430} INFO - ::endgroup::
[2025-09-05T17:00:02.110+0000] {foreign_1.py:18} INFO - Kết nối DB
[2025-09-05T17:00:02.483+0000] {foreign_1.py:28} INFO - Đã lưu foreign_ALL
[2025-09-05T17:00:02.484+0000] {foreign_1.py:18} INFO - Kết nối DB
[2025-09-05T17:00:02.847+0000] {foreign_1.py:28} INFO - Đã lưu foreign_HOSE
[2025-09-05T17:00:02.849+0000] {foreign_1.py:18} INFO - Kết nối DB
[2025-09-05T17:00:03.186+0000] {foreign_1.py:30} ERROR - Lỗi lưu foreign_HNX
Traceback (most recent call last):
  File "/home/airflow/.local/lib/python3.10/site-packages/requests/models.py", line 971, in json
    return complexjson.loads(self.text, **kwargs)
  File "/usr/local/lib/python3.10/json/__init__.py", line 346, in loads
    return _default_decoder.decode(s)
  File "/usr/local/lib/python3.10/json/decoder.py", line 337, in decode
    obj, end = self.raw_decode(s, idx=_w(s, 0).end())
  File "/usr/local/lib/python3.10/json/decoder.py", line 355, in raw_decode
    raise JSONDecodeError("Expecting value", s, err.value) from None
json.decoder.JSONDecodeError: Expecting value: line 1 column 1 (char 0)

During handling of the above exception, another exception occurred:

Traceback (most recent call last):
  File "/opt/airflow/dags/utils/market_history/foreign/foreign_1.py", line 20, in foreign
    foreign=foreign_history(f"{symbol}")
  File "/opt/airflow/dags/utils/market_history/foreign/foreign_history_1.py", line 47, in foreign_history
    data = response.json()
  File "/home/airflow/.local/lib/python3.10/site-packages/requests/models.py", line 975, in json
    raise RequestsJSONDecodeError(e.msg, e.doc, e.pos)
requests.exceptions.JSONDecodeError: Expecting value: line 1 column 1 (char 0)
[2025-09-05T17:00:03.191+0000] {foreign_1.py:18} INFO - Kết nối DB
[2025-09-05T17:00:03.720+0000] {foreign_1.py:28} INFO - Đã lưu foreign_UPCOM
[2025-09-05T17:00:03.720+0000] {python.py:237} INFO - Done. Returned value was: None
[2025-09-05T17:00:03.721+0000] {taskinstance.py:441} INFO - ::group::Post task execution logs
[2025-09-05T17:00:03.737+0000] {taskinstance.py:1206} INFO - Marking task as SUCCESS. dag_id=foreign_1_live, task_id=save_foreign_1, run_id=scheduled__2025-09-05T16:59:00+00:00, execution_date=20250905T165900, start_date=20250905T170001, end_date=20250905T170003
[2025-09-05T17:00:03.797+0000] {local_task_job_runner.py:240} INFO - Task exited with return code 0
[2025-09-05T17:00:03.839+0000] {taskinstance.py:3498} INFO - 4 downstream tasks scheduled from follow-on schedule check
[2025-09-05T17:00:03.840+0000] {local_task_job_runner.py:222} INFO - ::endgroup::
