[2025-09-03T15:06:21.652+0000] {local_task_job_runner.py:120} INFO - ::group::Pre task execution logs
[2025-09-03T15:06:21.680+0000] {taskinstance.py:2076} INFO - Dependencies all met for dep_context=non-requeueable deps ti=<TaskInstance: foreign_1_live.save_foreign_1 scheduled__2025-09-03T11:00:00+00:00 [queued]>
[2025-09-03T15:06:21.690+0000] {taskinstance.py:2076} INFO - Dependencies all met for dep_context=requeueable deps ti=<TaskInstance: foreign_1_live.save_foreign_1 scheduled__2025-09-03T11:00:00+00:00 [queued]>
[2025-09-03T15:06:21.690+0000] {taskinstance.py:2306} INFO - Starting attempt 1 of 11
[2025-09-03T15:06:21.704+0000] {taskinstance.py:2330} INFO - Executing <Task(PythonOperator): save_foreign_1> on 2025-09-03 11:00:00+00:00
[2025-09-03T15:06:21.713+0000] {standard_task_runner.py:63} INFO - Started process 2776085 to run task
[2025-09-03T15:06:21.718+0000] {standard_task_runner.py:90} INFO - Running: ['***', 'tasks', 'run', 'foreign_1_live', 'save_foreign_1', 'scheduled__2025-09-03T11:00:00+00:00', '--job-id', '77949', '--raw', '--subdir', 'DAGS_FOLDER/dag_foreign_1_live.py', '--cfg-path', '/tmp/tmprllp86r9']
[2025-09-03T15:06:21.721+0000] {standard_task_runner.py:91} INFO - Job 77949: Subtask save_foreign_1
[2025-09-03T15:06:21.778+0000] {task_command.py:426} INFO - Running <TaskInstance: foreign_1_live.save_foreign_1 scheduled__2025-09-03T11:00:00+00:00 [running]> on host 1877907bc043
[2025-09-03T15:06:21.897+0000] {taskinstance.py:2648} INFO - Exporting env vars: AIRFLOW_CTX_DAG_OWNER='***' AIRFLOW_CTX_DAG_ID='foreign_1_live' AIRFLOW_CTX_TASK_ID='save_foreign_1' AIRFLOW_CTX_EXECUTION_DATE='2025-09-03T11:00:00+00:00' AIRFLOW_CTX_TRY_NUMBER='1' AIRFLOW_CTX_DAG_RUN_ID='scheduled__2025-09-03T11:00:00+00:00'
[2025-09-03T15:06:21.899+0000] {taskinstance.py:430} INFO - ::endgroup::
[2025-09-03T15:06:21.915+0000] {foreign_1.py:18} INFO - Kết nối DB
[2025-09-03T15:06:22.025+0000] {foreign_1.py:30} ERROR - Lỗi lưu foreign_ALL
Traceback (most recent call last):
  File "/home/airflow/.local/lib/python3.10/site-packages/requests/models.py", line 971, in json
    return complexjson.loads(self.text, **kwargs)
  File "/usr/local/lib/python3.10/json/__init__.py", line 346, in loads
    return _default_decoder.decode(s)
  File "/usr/local/lib/python3.10/json/decoder.py", line 337, in decode
    obj, end = self.raw_decode(s, idx=_w(s, 0).end())
  File "/usr/local/lib/python3.10/json/decoder.py", line 355, in raw_decode
    raise JSONDecodeError("Expecting value", s, err.value) from None
json.decoder.JSONDecodeError: Expecting value: line 1 column 1 (char 0)

During handling of the above exception, another exception occurred:

Traceback (most recent call last):
  File "/opt/airflow/dags/utils/market_history/foreign/foreign_1.py", line 20, in foreign
    foreign=foreign_history(f"{symbol}")
  File "/opt/airflow/dags/utils/market_history/foreign/foreign_history_1.py", line 47, in foreign_history
    data = response.json()
  File "/home/airflow/.local/lib/python3.10/site-packages/requests/models.py", line 975, in json
    raise RequestsJSONDecodeError(e.msg, e.doc, e.pos)
requests.exceptions.JSONDecodeError: Expecting value: line 1 column 1 (char 0)
[2025-09-03T15:06:22.031+0000] {foreign_1.py:18} INFO - Kết nối DB
[2025-09-03T15:06:22.354+0000] {foreign_1.py:28} INFO - Đã lưu foreign_HOSE
[2025-09-03T15:06:22.355+0000] {foreign_1.py:18} INFO - Kết nối DB
[2025-09-03T15:06:22.701+0000] {foreign_1.py:28} INFO - Đã lưu foreign_HNX
[2025-09-03T15:06:22.702+0000] {foreign_1.py:18} INFO - Kết nối DB
[2025-09-03T15:06:23.045+0000] {foreign_1.py:28} INFO - Đã lưu foreign_UPCOM
[2025-09-03T15:06:23.046+0000] {python.py:237} INFO - Done. Returned value was: None
[2025-09-03T15:06:23.046+0000] {taskinstance.py:441} INFO - ::group::Post task execution logs
[2025-09-03T15:06:23.061+0000] {taskinstance.py:1206} INFO - Marking task as SUCCESS. dag_id=foreign_1_live, task_id=save_foreign_1, run_id=scheduled__2025-09-03T11:00:00+00:00, execution_date=20250903T110000, start_date=20250903T150621, end_date=20250903T150623
[2025-09-03T15:06:23.094+0000] {local_task_job_runner.py:240} INFO - Task exited with return code 0
[2025-09-03T15:06:23.139+0000] {taskinstance.py:3498} INFO - 4 downstream tasks scheduled from follow-on schedule check
[2025-09-03T15:06:23.143+0000] {local_task_job_runner.py:222} INFO - ::endgroup::
