[2025-07-22T11:50:50.661+0000] {local_task_job_runner.py:120} INFO - ::group::Pre task execution logs
[2025-07-22T11:50:50.689+0000] {taskinstance.py:2076} INFO - Dependencies all met for dep_context=non-requeueable deps ti=<TaskInstance: news_pipeline.add_postgre scheduled__2025-07-17T03:00:00+00:00 [queued]>
[2025-07-22T11:50:50.697+0000] {taskinstance.py:2076} INFO - Dependencies all met for dep_context=requeueable deps ti=<TaskInstance: news_pipeline.add_postgre scheduled__2025-07-17T03:00:00+00:00 [queued]>
[2025-07-22T11:50:50.698+0000] {taskinstance.py:2306} INFO - Starting attempt 1 of 11
[2025-07-22T11:50:50.766+0000] {taskinstance.py:2330} INFO - Executing <Task(PythonOperator): add_postgre> on 2025-07-17 03:00:00+00:00
[2025-07-22T11:50:50.773+0000] {standard_task_runner.py:63} INFO - Started process 977 to run task
[2025-07-22T11:50:50.778+0000] {standard_task_runner.py:90} INFO - Running: ['***', 'tasks', 'run', 'news_pipeline', 'add_postgre', 'scheduled__2025-07-17T03:00:00+00:00', '--job-id', '20', '--raw', '--subdir', 'DAGS_FOLDER/dag_news.py', '--cfg-path', '/tmp/tmp7n4w2ol8']
[2025-07-22T11:50:50.780+0000] {standard_task_runner.py:91} INFO - Job 20: Subtask add_postgre
[2025-07-22T11:50:50.832+0000] {task_command.py:426} INFO - Running <TaskInstance: news_pipeline.add_postgre scheduled__2025-07-17T03:00:00+00:00 [running]> on host 6b7e6caedd73
[2025-07-22T11:50:50.915+0000] {taskinstance.py:2648} INFO - Exporting env vars: AIRFLOW_CTX_DAG_OWNER='***' AIRFLOW_CTX_DAG_ID='news_pipeline' AIRFLOW_CTX_TASK_ID='add_postgre' AIRFLOW_CTX_EXECUTION_DATE='2025-07-17T03:00:00+00:00' AIRFLOW_CTX_TRY_NUMBER='1' AIRFLOW_CTX_DAG_RUN_ID='scheduled__2025-07-17T03:00:00+00:00'
[2025-07-22T11:50:50.916+0000] {taskinstance.py:430} INFO - ::endgroup::
[2025-07-22T11:50:51.597+0000] {add_postgre.py:13} INFO - ✅ Kết nối PostgreSQL thành công.
[2025-07-22T11:50:51.831+0000] {logger.py:11} INFO - ====== WebDriver manager ======
[2025-07-22T11:50:52.018+0000] {logger.py:11} INFO - Get LATEST chromedriver version for google-chrome
[2025-07-22T11:50:52.266+0000] {logger.py:11} INFO - Get LATEST chromedriver version for google-chrome
[2025-07-22T11:50:52.485+0000] {logger.py:11} INFO - There is no [linux64] chromedriver "138.0.7204.157" for browser google-chrome "138.0.7204" in cache
[2025-07-22T11:50:52.486+0000] {logger.py:11} INFO - Get LATEST chromedriver version for google-chrome
[2025-07-22T11:50:53.036+0000] {logger.py:11} INFO - WebDriver version 138.0.7204.157 selected
[2025-07-22T11:50:53.043+0000] {logger.py:11} INFO - Modern chrome version https://storage.googleapis.com/chrome-for-testing-public/138.0.7204.157/linux64/chromedriver-linux64.zip
[2025-07-22T11:50:53.044+0000] {logger.py:11} INFO - About to download new driver from https://storage.googleapis.com/chrome-for-testing-public/138.0.7204.157/linux64/chromedriver-linux64.zip
[2025-07-22T11:50:53.301+0000] {logger.py:11} INFO - Driver downloading response is 200
[2025-07-22T11:50:56.691+0000] {logger.py:11} INFO - Get LATEST chromedriver version for google-chrome
[2025-07-22T11:50:57.066+0000] {add_postgre.py:45} ERROR - ❌ Lỗi trong add_postgres: tuple index out of range
[2025-07-22T11:50:57.067+0000] {taskinstance.py:441} INFO - ::group::Post task execution logs
[2025-07-22T11:50:57.067+0000] {taskinstance.py:2905} ERROR - Task failed with exception
Traceback (most recent call last):
  File "/home/airflow/.local/lib/python3.10/site-packages/webdriver_manager/core/file_manager.py", line 65, in __extract_zip
    archive.extractall(to_directory)
  File "/usr/local/lib/python3.10/zipfile.py", line 1659, in extractall
    self._extract_member(zipinfo, path, pwd)
  File "/usr/local/lib/python3.10/zipfile.py", line 1714, in _extract_member
    shutil.copyfileobj(source, target)
  File "/usr/local/lib/python3.10/shutil.py", line 195, in copyfileobj
    buf = fsrc_read(length)
  File "/usr/local/lib/python3.10/zipfile.py", line 929, in read
    data = self._read1(n)
  File "/usr/local/lib/python3.10/zipfile.py", line 997, in _read1
    data += self._read2(n - len(data))
  File "/usr/local/lib/python3.10/zipfile.py", line 1032, in _read2
    raise EOFError
EOFError

During handling of the above exception, another exception occurred:

Traceback (most recent call last):
  File "/home/airflow/.local/lib/python3.10/site-packages/airflow/models/taskinstance.py", line 465, in _execute_task
    result = _execute_callable(context=context, **execute_callable_kwargs)
  File "/home/airflow/.local/lib/python3.10/site-packages/airflow/models/taskinstance.py", line 432, in _execute_callable
    return execute_callable(context=context, **execute_callable_kwargs)
  File "/home/airflow/.local/lib/python3.10/site-packages/airflow/models/baseoperator.py", line 400, in wrapper
    return func(self, *args, **kwargs)
  File "/home/airflow/.local/lib/python3.10/site-packages/airflow/operators/python.py", line 235, in execute
    return_value = self.execute_callable()
  File "/home/airflow/.local/lib/python3.10/site-packages/airflow/operators/python.py", line 252, in execute_callable
    return self.python_callable(*self.op_args, **self.op_kwargs)
  File "/opt/airflow/dags/utils/new_pipeline/add_postgre.py", line 16, in add_postgres
    df=tintuc()
  File "/opt/airflow/dags/utils/new_pipeline/merge.py", line 9, in tintuc
    df1=vietstock()
  File "/opt/airflow/dags/utils/new_pipeline/vietstock_ngay.py", line 23, in vietstock
    driver=webdriver.Chrome(service=Service(ChromeDriverManager().install()),options=Chrome_option)
  File "/home/airflow/.local/lib/python3.10/site-packages/webdriver_manager/chrome.py", line 40, in install
    driver_path = self._get_driver_binary_path(self.driver)
  File "/home/airflow/.local/lib/python3.10/site-packages/webdriver_manager/core/manager.py", line 41, in _get_driver_binary_path
    binary_path = self._cache_manager.save_file_to_cache(driver, file)
  File "/home/airflow/.local/lib/python3.10/site-packages/webdriver_manager/core/driver_cache.py", line 54, in save_file_to_cache
    files = self.unpack_archive(archive, path)
  File "/home/airflow/.local/lib/python3.10/site-packages/webdriver_manager/core/driver_cache.py", line 49, in unpack_archive
    return self._file_manager.unpack_archive(archive, path)
  File "/home/airflow/.local/lib/python3.10/site-packages/webdriver_manager/core/file_manager.py", line 57, in unpack_archive
    return self.__extract_zip(archive_file, target_dir)
  File "/home/airflow/.local/lib/python3.10/site-packages/webdriver_manager/core/file_manager.py", line 67, in __extract_zip
    if e.args[0] not in [26, 13] and e.args[1] not in [
IndexError: tuple index out of range
[2025-07-22T11:50:57.088+0000] {taskinstance.py:1206} INFO - Marking task as UP_FOR_RETRY. dag_id=news_pipeline, task_id=add_postgre, run_id=scheduled__2025-07-17T03:00:00+00:00, execution_date=20250717T030000, start_date=20250722T115050, end_date=20250722T115057
[2025-07-22T11:50:57.110+0000] {standard_task_runner.py:110} ERROR - Failed to execute job 20 for task add_postgre (tuple index out of range; 977)
[2025-07-22T11:50:57.144+0000] {local_task_job_runner.py:240} INFO - Task exited with return code 1
[2025-07-22T11:50:57.184+0000] {taskinstance.py:3498} INFO - 0 downstream tasks scheduled from follow-on schedule check
[2025-07-22T11:50:57.186+0000] {local_task_job_runner.py:222} INFO - ::endgroup::
