[2025-09-05T12:09:34.452+0000] {local_task_job_runner.py:120} INFO - ::group::Pre task execution logs
[2025-09-05T12:09:34.475+0000] {taskinstance.py:2076} INFO - Dependencies all met for dep_context=non-requeueable deps ti=<TaskInstance: news_pipeline.add_postgre manual__2025-09-05T11:09:55.305363+00:00 [queued]>
[2025-09-05T12:09:34.483+0000] {taskinstance.py:2076} INFO - Dependencies all met for dep_context=requeueable deps ti=<TaskInstance: news_pipeline.add_postgre manual__2025-09-05T11:09:55.305363+00:00 [queued]>
[2025-09-05T12:09:34.483+0000] {taskinstance.py:2306} INFO - Starting attempt 16 of 26
[2025-09-05T12:09:34.494+0000] {taskinstance.py:2330} INFO - Executing <Task(PythonOperator): add_postgre> on 2025-09-05 11:09:55.305363+00:00
[2025-09-05T12:09:34.503+0000] {standard_task_runner.py:63} INFO - Started process 3205983 to run task
[2025-09-05T12:09:34.507+0000] {standard_task_runner.py:90} INFO - Running: ['***', 'tasks', 'run', 'news_pipeline', 'add_postgre', 'manual__2025-09-05T11:09:55.305363+00:00', '--job-id', '114950', '--raw', '--subdir', 'DAGS_FOLDER/dag_news.py', '--cfg-path', '/tmp/tmpxbp8lfq2']
[2025-09-05T12:09:34.510+0000] {standard_task_runner.py:91} INFO - Job 114950: Subtask add_postgre
[2025-09-05T12:09:34.566+0000] {task_command.py:426} INFO - Running <TaskInstance: news_pipeline.add_postgre manual__2025-09-05T11:09:55.305363+00:00 [running]> on host 1877907bc043
[2025-09-05T12:09:34.656+0000] {taskinstance.py:2648} INFO - Exporting env vars: AIRFLOW_CTX_DAG_OWNER='***' AIRFLOW_CTX_DAG_ID='news_pipeline' AIRFLOW_CTX_TASK_ID='add_postgre' AIRFLOW_CTX_EXECUTION_DATE='2025-09-05T11:09:55.305363+00:00' AIRFLOW_CTX_TRY_NUMBER='16' AIRFLOW_CTX_DAG_RUN_ID='manual__2025-09-05T11:09:55.305363+00:00'
[2025-09-05T12:09:34.658+0000] {taskinstance.py:430} INFO - ::endgroup::
[2025-09-05T12:09:34.686+0000] {add_postgre.py:46} ERROR - ❌ Lỗi trong add_postgres: Message: Unable to obtain driver for chrome; For documentation on this error, please visit: https://www.selenium.dev/documentation/webdriver/troubleshooting/errors/driver_location

[2025-09-05T12:09:34.687+0000] {taskinstance.py:441} INFO - ::group::Post task execution logs
[2025-09-05T12:09:34.688+0000] {taskinstance.py:2905} ERROR - Task failed with exception
Traceback (most recent call last):
  File "/home/airflow/.local/lib/python3.10/site-packages/selenium/webdriver/common/driver_finder.py", line 64, in _binary_paths
    raise ValueError(f"The path is not a valid file: {path}")
ValueError: The path is not a valid file: /snap/chromium/current/usr/lib/chromium-browser/chromedriver

The above exception was the direct cause of the following exception:

Traceback (most recent call last):
  File "/home/airflow/.local/lib/python3.10/site-packages/airflow/models/taskinstance.py", line 465, in _execute_task
    result = _execute_callable(context=context, **execute_callable_kwargs)
  File "/home/airflow/.local/lib/python3.10/site-packages/airflow/models/taskinstance.py", line 432, in _execute_callable
    return execute_callable(context=context, **execute_callable_kwargs)
  File "/home/airflow/.local/lib/python3.10/site-packages/airflow/models/baseoperator.py", line 400, in wrapper
    return func(self, *args, **kwargs)
  File "/home/airflow/.local/lib/python3.10/site-packages/airflow/operators/python.py", line 235, in execute
    return_value = self.execute_callable()
  File "/home/airflow/.local/lib/python3.10/site-packages/airflow/operators/python.py", line 252, in execute_callable
    return self.python_callable(*self.op_args, **self.op_kwargs)
  File "/opt/airflow/dags/utils/new_pipeline/add_postgre.py", line 11, in add_postgres
    df=tintuc()
  File "/opt/airflow/dags/utils/new_pipeline/merge.py", line 7, in tintuc
    df1=vietstock()
  File "/opt/airflow/dags/utils/new_pipeline/vietstock_ngay.py", line 28, in vietstock
    driver=webdriver.Chrome(service=Service('/snap/chromium/current/usr/lib/chromium-browser/chromedriver'),options=Chrome_option)
  File "/home/airflow/.local/lib/python3.10/site-packages/selenium/webdriver/chrome/webdriver.py", line 47, in __init__
    super().__init__(
  File "/home/airflow/.local/lib/python3.10/site-packages/selenium/webdriver/chromium/webdriver.py", line 53, in __init__
    if finder.get_browser_path():
  File "/home/airflow/.local/lib/python3.10/site-packages/selenium/webdriver/common/driver_finder.py", line 47, in get_browser_path
    return self._binary_paths()["browser_path"]
  File "/home/airflow/.local/lib/python3.10/site-packages/selenium/webdriver/common/driver_finder.py", line 78, in _binary_paths
    raise NoSuchDriverException(msg) from err
selenium.common.exceptions.NoSuchDriverException: Message: Unable to obtain driver for chrome; For documentation on this error, please visit: https://www.selenium.dev/documentation/webdriver/troubleshooting/errors/driver_location

[2025-09-05T12:09:34.703+0000] {taskinstance.py:1206} INFO - Marking task as UP_FOR_RETRY. dag_id=news_pipeline, task_id=add_postgre, run_id=manual__2025-09-05T11:09:55.305363+00:00, execution_date=20250905T110955, start_date=20250905T120934, end_date=20250905T120934
[2025-09-05T12:09:34.723+0000] {standard_task_runner.py:110} ERROR - Failed to execute job 114950 for task add_postgre (Message: Unable to obtain driver for chrome; For documentation on this error, please visit: https://www.selenium.dev/documentation/webdriver/troubleshooting/errors/driver_location
; 3205983)
[2025-09-05T12:09:34.759+0000] {local_task_job_runner.py:240} INFO - Task exited with return code 1
[2025-09-05T12:09:34.798+0000] {taskinstance.py:3498} INFO - 0 downstream tasks scheduled from follow-on schedule check
[2025-09-05T12:09:34.800+0000] {local_task_job_runner.py:222} INFO - ::endgroup::
