[2025-09-05T11:09:56.958+0000] {local_task_job_runner.py:120} INFO - ::group::Pre task execution logs
[2025-09-05T11:09:56.987+0000] {taskinstance.py:2076} INFO - Dependencies all met for dep_context=non-requeueable deps ti=<TaskInstance: news_pipeline.add_postgre manual__2025-09-05T11:09:55.305363+00:00 [queued]>
[2025-09-05T11:09:56.998+0000] {taskinstance.py:2076} INFO - Dependencies all met for dep_context=requeueable deps ti=<TaskInstance: news_pipeline.add_postgre manual__2025-09-05T11:09:55.305363+00:00 [queued]>
[2025-09-05T11:09:56.999+0000] {taskinstance.py:2306} INFO - Starting attempt 1 of 11
[2025-09-05T11:09:57.015+0000] {taskinstance.py:2330} INFO - Executing <Task(PythonOperator): add_postgre> on 2025-09-05 11:09:55.305363+00:00
[2025-09-05T11:09:57.028+0000] {standard_task_runner.py:63} INFO - Started process 3194813 to run task
[2025-09-05T11:09:57.032+0000] {standard_task_runner.py:90} INFO - Running: ['***', 'tasks', 'run', 'news_pipeline', 'add_postgre', 'manual__2025-09-05T11:09:55.305363+00:00', '--job-id', '114268', '--raw', '--subdir', 'DAGS_FOLDER/dag_news.py', '--cfg-path', '/tmp/tmp795lpkj0']
[2025-09-05T11:09:57.035+0000] {standard_task_runner.py:91} INFO - Job 114268: Subtask add_postgre
[2025-09-05T11:09:57.086+0000] {task_command.py:426} INFO - Running <TaskInstance: news_pipeline.add_postgre manual__2025-09-05T11:09:55.305363+00:00 [running]> on host 1877907bc043
[2025-09-05T11:09:57.177+0000] {taskinstance.py:2648} INFO - Exporting env vars: AIRFLOW_CTX_DAG_OWNER='***' AIRFLOW_CTX_DAG_ID='news_pipeline' AIRFLOW_CTX_TASK_ID='add_postgre' AIRFLOW_CTX_EXECUTION_DATE='2025-09-05T11:09:55.305363+00:00' AIRFLOW_CTX_TRY_NUMBER='1' AIRFLOW_CTX_DAG_RUN_ID='manual__2025-09-05T11:09:55.305363+00:00'
[2025-09-05T11:09:57.178+0000] {taskinstance.py:430} INFO - ::endgroup::
[2025-09-05T11:10:04.957+0000] {add_postgre.py:46} ERROR - ❌ Lỗi trong add_postgres: unsupported operand type(s) for +: 'Tag' and 'int'
[2025-09-05T11:10:04.958+0000] {taskinstance.py:441} INFO - ::group::Post task execution logs
[2025-09-05T11:10:04.959+0000] {taskinstance.py:2905} ERROR - Task failed with exception
Traceback (most recent call last):
  File "/opt/airflow/dags/utils/new_pipeline/vietstock_ngay.py", line 67, in vietstock
    button=driver.find_element(By.CSS_SELECTOR, 'li.pagination-page.next a')
  File "/home/airflow/.local/lib/python3.10/site-packages/selenium/webdriver/remote/webdriver.py", line 922, in find_element
    return self.execute(Command.FIND_ELEMENT, {"using": by, "value": value})["value"]
  File "/home/airflow/.local/lib/python3.10/site-packages/selenium/webdriver/remote/webdriver.py", line 454, in execute
    self.error_handler.check_response(response)
  File "/home/airflow/.local/lib/python3.10/site-packages/selenium/webdriver/remote/errorhandler.py", line 232, in check_response
    raise exception_class(message, screen, stacktrace)
selenium.common.exceptions.WebDriverException: Message: tab crashed
  (Session info: chrome=138.0.7204.183)
Stacktrace:
#0 0x55b8894d87da <unknown>
#1 0x55b888f7d133 <unknown>
#2 0x55b888f65125 <unknown>
#3 0x55b888f62fd5 <unknown>
#4 0x55b888f6392f <unknown>
#5 0x55b888f723e3 <unknown>
#6 0x55b888f8b83e <unknown>
#7 0x55b888f9207b <unknown>
#8 0x55b888f64070 <unknown>
#9 0x55b888f8af83 <unknown>
#10 0x55b88901a5f6 <unknown>
#11 0x55b888ff4683 <unknown>
#12 0x55b888fc0b5b <unknown>
#13 0x55b888fc1f31 <unknown>
#14 0x55b88949d72b <unknown>
#15 0x55b8894a1534 <unknown>
#16 0x55b889484229 <unknown>
#17 0x55b8894a20d8 <unknown>
#18 0x55b88946861f <unknown>
#19 0x55b8894c5dd8 <unknown>
#20 0x55b8894c5fb6 <unknown>
#21 0x55b8894d7af6 <unknown>
#22 0x7fc25dbee134 <unknown>


During handling of the above exception, another exception occurred:

Traceback (most recent call last):
  File "/home/airflow/.local/lib/python3.10/site-packages/airflow/models/taskinstance.py", line 465, in _execute_task
    result = _execute_callable(context=context, **execute_callable_kwargs)
  File "/home/airflow/.local/lib/python3.10/site-packages/airflow/models/taskinstance.py", line 432, in _execute_callable
    return execute_callable(context=context, **execute_callable_kwargs)
  File "/home/airflow/.local/lib/python3.10/site-packages/airflow/models/baseoperator.py", line 400, in wrapper
    return func(self, *args, **kwargs)
  File "/home/airflow/.local/lib/python3.10/site-packages/airflow/operators/python.py", line 235, in execute
    return_value = self.execute_callable()
  File "/home/airflow/.local/lib/python3.10/site-packages/airflow/operators/python.py", line 252, in execute_callable
    return self.python_callable(*self.op_args, **self.op_kwargs)
  File "/opt/airflow/dags/utils/new_pipeline/add_postgre.py", line 11, in add_postgres
    df=tintuc()
  File "/opt/airflow/dags/utils/new_pipeline/merge.py", line 7, in tintuc
    df1=vietstock()
  File "/opt/airflow/dags/utils/new_pipeline/vietstock_ngay.py", line 73, in vietstock
    print(f"Không thể nhấn nút 'Xem thêm' lần {i+1}: {e}")
TypeError: unsupported operand type(s) for +: 'Tag' and 'int'
[2025-09-05T11:10:04.970+0000] {taskinstance.py:1206} INFO - Marking task as UP_FOR_RETRY. dag_id=news_pipeline, task_id=add_postgre, run_id=manual__2025-09-05T11:09:55.305363+00:00, execution_date=20250905T110955, start_date=20250905T110956, end_date=20250905T111004
[2025-09-05T11:10:04.983+0000] {standard_task_runner.py:110} ERROR - Failed to execute job 114268 for task add_postgre (unsupported operand type(s) for +: 'Tag' and 'int'; 3194813)
[2025-09-05T11:10:05.027+0000] {local_task_job_runner.py:240} INFO - Task exited with return code 1
[2025-09-05T11:10:05.051+0000] {taskinstance.py:3498} INFO - 0 downstream tasks scheduled from follow-on schedule check
[2025-09-05T11:10:05.052+0000] {local_task_job_runner.py:222} INFO - ::endgroup::
