[2025-08-26T22:05:00.980+0000] {local_task_job_runner.py:120} INFO - ::group::Pre task execution logs
[2025-08-26T22:05:01.004+0000] {taskinstance.py:2076} INFO - Dependencies all met for dep_context=non-requeueable deps ti=<TaskInstance: crypto_collector_dag.run_crypto_collector scheduled__2025-08-26T22:04:00+00:00 [queued]>
[2025-08-26T22:05:01.011+0000] {taskinstance.py:2076} INFO - Dependencies all met for dep_context=requeueable deps ti=<TaskInstance: crypto_collector_dag.run_crypto_collector scheduled__2025-08-26T22:04:00+00:00 [queued]>
[2025-08-26T22:05:01.011+0000] {taskinstance.py:2306} INFO - Starting attempt 1 of 2
[2025-08-26T22:05:01.021+0000] {taskinstance.py:2330} INFO - Executing <Task(BashOperator): run_crypto_collector> on 2025-08-26 22:04:00+00:00
[2025-08-26T22:05:01.027+0000] {standard_task_runner.py:63} INFO - Started process 1422268 to run task
[2025-08-26T22:05:01.033+0000] {standard_task_runner.py:90} INFO - Running: ['***', 'tasks', 'run', 'crypto_collector_dag', 'run_crypto_collector', 'scheduled__2025-08-26T22:04:00+00:00', '--job-id', '26850', '--raw', '--subdir', 'DAGS_FOLDER/crawl_crypto/dags_crypto.py', '--cfg-path', '/tmp/tmpndg99u1a']
[2025-08-26T22:05:01.034+0000] {standard_task_runner.py:91} INFO - Job 26850: Subtask run_crypto_collector
[2025-08-26T22:05:01.088+0000] {task_command.py:426} INFO - Running <TaskInstance: crypto_collector_dag.run_crypto_collector scheduled__2025-08-26T22:04:00+00:00 [running]> on host 1877907bc043
[2025-08-26T22:05:01.177+0000] {taskinstance.py:2648} INFO - Exporting env vars: AIRFLOW_CTX_DAG_OWNER='***' AIRFLOW_CTX_DAG_ID='crypto_collector_dag' AIRFLOW_CTX_TASK_ID='run_crypto_collector' AIRFLOW_CTX_EXECUTION_DATE='2025-08-26T22:04:00+00:00' AIRFLOW_CTX_TRY_NUMBER='1' AIRFLOW_CTX_DAG_RUN_ID='scheduled__2025-08-26T22:04:00+00:00'
[2025-08-26T22:05:01.178+0000] {taskinstance.py:430} INFO - ::endgroup::
[2025-08-26T22:05:01.191+0000] {subprocess.py:63} INFO - Tmp dir root location: /tmp
[2025-08-26T22:05:01.191+0000] {subprocess.py:75} INFO - Running command: ['/usr/bin/bash', '-c', 'python3 /opt/***/dags/crawl_crypto/crawl_data_crypto.py']
[2025-08-26T22:05:01.202+0000] {subprocess.py:86} INFO - Output:
[2025-08-26T22:05:12.295+0000] {subprocess.py:93} INFO - ðŸ”¹ Káº¿t ná»‘i DB...
[2025-08-26T22:05:12.296+0000] {subprocess.py:93} INFO - ðŸ”¹ Láº¥y top 100 crypto...
[2025-08-26T22:05:12.296+0000] {subprocess.py:93} INFO - Traceback (most recent call last):
[2025-08-26T22:05:12.296+0000] {subprocess.py:93} INFO -   File "/home/***/.local/lib/python3.10/site-packages/urllib3/connectionpool.py", line 464, in _make_request
[2025-08-26T22:05:12.297+0000] {subprocess.py:93} INFO -     self._validate_conn(conn)
[2025-08-26T22:05:12.297+0000] {subprocess.py:93} INFO -   File "/home/***/.local/lib/python3.10/site-packages/urllib3/connectionpool.py", line 1093, in _validate_conn
[2025-08-26T22:05:12.297+0000] {subprocess.py:93} INFO -     conn.connect()
[2025-08-26T22:05:12.297+0000] {subprocess.py:93} INFO -   File "/home/***/.local/lib/python3.10/site-packages/urllib3/connection.py", line 790, in connect
[2025-08-26T22:05:12.298+0000] {subprocess.py:93} INFO -     sock_and_verified = _ssl_wrap_socket_and_match_hostname(
[2025-08-26T22:05:12.298+0000] {subprocess.py:93} INFO -   File "/home/***/.local/lib/python3.10/site-packages/urllib3/connection.py", line 969, in _ssl_wrap_socket_and_match_hostname
[2025-08-26T22:05:12.298+0000] {subprocess.py:93} INFO -     ssl_sock = ssl_wrap_socket(
[2025-08-26T22:05:12.298+0000] {subprocess.py:93} INFO -   File "/home/***/.local/lib/python3.10/site-packages/urllib3/util/ssl_.py", line 480, in ssl_wrap_socket
[2025-08-26T22:05:12.298+0000] {subprocess.py:93} INFO -     ssl_sock = _ssl_wrap_socket_impl(sock, context, tls_in_tls, server_hostname)
[2025-08-26T22:05:12.299+0000] {subprocess.py:93} INFO -   File "/home/***/.local/lib/python3.10/site-packages/urllib3/util/ssl_.py", line 524, in _ssl_wrap_socket_impl
[2025-08-26T22:05:12.299+0000] {subprocess.py:93} INFO -     return ssl_context.wrap_socket(sock, server_hostname=server_hostname)
[2025-08-26T22:05:12.299+0000] {subprocess.py:93} INFO -   File "/usr/local/lib/python3.10/ssl.py", line 513, in wrap_socket
[2025-08-26T22:05:12.299+0000] {subprocess.py:93} INFO -     return self.sslsocket_class._create(
[2025-08-26T22:05:12.300+0000] {subprocess.py:93} INFO -   File "/usr/local/lib/python3.10/ssl.py", line 1104, in _create
[2025-08-26T22:05:12.300+0000] {subprocess.py:93} INFO -     self.do_handshake()
[2025-08-26T22:05:12.300+0000] {subprocess.py:93} INFO -   File "/usr/local/lib/python3.10/ssl.py", line 1375, in do_handshake
[2025-08-26T22:05:12.300+0000] {subprocess.py:93} INFO -     self._sslobj.do_handshake()
[2025-08-26T22:05:12.300+0000] {subprocess.py:93} INFO - TimeoutError: _ssl.c:990: The handshake operation timed out
[2025-08-26T22:05:12.301+0000] {subprocess.py:93} INFO - 
[2025-08-26T22:05:12.301+0000] {subprocess.py:93} INFO - The above exception was the direct cause of the following exception:
[2025-08-26T22:05:12.301+0000] {subprocess.py:93} INFO - 
[2025-08-26T22:05:12.301+0000] {subprocess.py:93} INFO - Traceback (most recent call last):
[2025-08-26T22:05:12.301+0000] {subprocess.py:93} INFO -   File "/home/***/.local/lib/python3.10/site-packages/requests/adapters.py", line 486, in send
[2025-08-26T22:05:12.302+0000] {subprocess.py:93} INFO -     resp = conn.urlopen(
[2025-08-26T22:05:12.302+0000] {subprocess.py:93} INFO -   File "/home/***/.local/lib/python3.10/site-packages/urllib3/connectionpool.py", line 841, in urlopen
[2025-08-26T22:05:12.302+0000] {subprocess.py:93} INFO -     retries = retries.increment(
[2025-08-26T22:05:12.302+0000] {subprocess.py:93} INFO -   File "/home/***/.local/lib/python3.10/site-packages/urllib3/util/retry.py", line 474, in increment
[2025-08-26T22:05:12.303+0000] {subprocess.py:93} INFO -     raise reraise(type(error), error, _stacktrace)
[2025-08-26T22:05:12.303+0000] {subprocess.py:93} INFO -   File "/home/***/.local/lib/python3.10/site-packages/urllib3/util/util.py", line 39, in reraise
[2025-08-26T22:05:12.303+0000] {subprocess.py:93} INFO -     raise value
[2025-08-26T22:05:12.303+0000] {subprocess.py:93} INFO -   File "/home/***/.local/lib/python3.10/site-packages/urllib3/connectionpool.py", line 787, in urlopen
[2025-08-26T22:05:12.303+0000] {subprocess.py:93} INFO -     response = self._make_request(
[2025-08-26T22:05:12.304+0000] {subprocess.py:93} INFO -   File "/home/***/.local/lib/python3.10/site-packages/urllib3/connectionpool.py", line 488, in _make_request
[2025-08-26T22:05:12.304+0000] {subprocess.py:93} INFO -     raise new_e
[2025-08-26T22:05:12.304+0000] {subprocess.py:93} INFO -   File "/home/***/.local/lib/python3.10/site-packages/urllib3/connectionpool.py", line 466, in _make_request
[2025-08-26T22:05:12.304+0000] {subprocess.py:93} INFO -     self._raise_timeout(err=e, url=url, timeout_value=conn.timeout)
[2025-08-26T22:05:12.304+0000] {subprocess.py:93} INFO -   File "/home/***/.local/lib/python3.10/site-packages/urllib3/connectionpool.py", line 367, in _raise_timeout
[2025-08-26T22:05:12.305+0000] {subprocess.py:93} INFO -     raise ReadTimeoutError(
[2025-08-26T22:05:12.305+0000] {subprocess.py:93} INFO - urllib3.exceptions.ReadTimeoutError: HTTPSConnectionPool(host='api.binance.com', port=443): Read timed out. (read timeout=10)
[2025-08-26T22:05:12.305+0000] {subprocess.py:93} INFO - 
[2025-08-26T22:05:12.305+0000] {subprocess.py:93} INFO - During handling of the above exception, another exception occurred:
[2025-08-26T22:05:12.305+0000] {subprocess.py:93} INFO - 
[2025-08-26T22:05:12.306+0000] {subprocess.py:93} INFO - Traceback (most recent call last):
[2025-08-26T22:05:12.306+0000] {subprocess.py:93} INFO -   File "/opt/***/dags/crawl_crypto/crawl_data_crypto.py", line 134, in <module>
[2025-08-26T22:05:12.306+0000] {subprocess.py:93} INFO -     top_symbols = get_top_symbols(limit=TOP_LIMIT)
[2025-08-26T22:05:12.306+0000] {subprocess.py:93} INFO -   File "/opt/***/dags/crawl_crypto/crawl_data_crypto.py", line 75, in get_top_symbols
[2025-08-26T22:05:12.307+0000] {subprocess.py:93} INFO -     resp = requests.get(url, timeout=10)
[2025-08-26T22:05:12.307+0000] {subprocess.py:93} INFO -   File "/home/***/.local/lib/python3.10/site-packages/requests/api.py", line 73, in get
[2025-08-26T22:05:12.307+0000] {subprocess.py:93} INFO -     return request("get", url, params=params, **kwargs)
[2025-08-26T22:05:12.307+0000] {subprocess.py:93} INFO -   File "/home/***/.local/lib/python3.10/site-packages/requests/api.py", line 59, in request
[2025-08-26T22:05:12.307+0000] {subprocess.py:93} INFO -     return session.request(method=method, url=url, **kwargs)
[2025-08-26T22:05:12.308+0000] {subprocess.py:93} INFO -   File "/home/***/.local/lib/python3.10/site-packages/requests/sessions.py", line 589, in request
[2025-08-26T22:05:12.308+0000] {subprocess.py:93} INFO -     resp = self.send(prep, **send_kwargs)
[2025-08-26T22:05:12.308+0000] {subprocess.py:93} INFO -   File "/home/***/.local/lib/python3.10/site-packages/requests/sessions.py", line 703, in send
[2025-08-26T22:05:12.308+0000] {subprocess.py:93} INFO -     r = adapter.send(request, **kwargs)
[2025-08-26T22:05:12.308+0000] {subprocess.py:93} INFO -   File "/home/***/.local/lib/python3.10/site-packages/requests/adapters.py", line 532, in send
[2025-08-26T22:05:12.309+0000] {subprocess.py:93} INFO -     raise ReadTimeout(e, request=request)
[2025-08-26T22:05:12.309+0000] {subprocess.py:93} INFO - requests.exceptions.ReadTimeout: HTTPSConnectionPool(host='api.binance.com', port=443): Read timed out. (read timeout=10)
[2025-08-26T22:05:12.383+0000] {subprocess.py:97} INFO - Command exited with return code 1
[2025-08-26T22:05:12.385+0000] {taskinstance.py:441} INFO - ::group::Post task execution logs
[2025-08-26T22:05:12.403+0000] {taskinstance.py:2905} ERROR - Task failed with exception
Traceback (most recent call last):
  File "/home/airflow/.local/lib/python3.10/site-packages/airflow/models/taskinstance.py", line 465, in _execute_task
    result = _execute_callable(context=context, **execute_callable_kwargs)
  File "/home/airflow/.local/lib/python3.10/site-packages/airflow/models/taskinstance.py", line 432, in _execute_callable
    return execute_callable(context=context, **execute_callable_kwargs)
  File "/home/airflow/.local/lib/python3.10/site-packages/airflow/models/baseoperator.py", line 400, in wrapper
    return func(self, *args, **kwargs)
  File "/home/airflow/.local/lib/python3.10/site-packages/airflow/operators/bash.py", line 243, in execute
    raise AirflowException(
airflow.exceptions.AirflowException: Bash command failed. The command returned a non-zero exit code 1.
[2025-08-26T22:05:12.409+0000] {taskinstance.py:1206} INFO - Marking task as UP_FOR_RETRY. dag_id=crypto_collector_dag, task_id=run_crypto_collector, run_id=scheduled__2025-08-26T22:04:00+00:00, execution_date=20250826T220400, start_date=20250826T220501, end_date=20250826T220512
[2025-08-26T22:05:12.428+0000] {standard_task_runner.py:110} ERROR - Failed to execute job 26850 for task run_crypto_collector (Bash command failed. The command returned a non-zero exit code 1.; 1422268)
[2025-08-26T22:05:12.444+0000] {local_task_job_runner.py:240} INFO - Task exited with return code 1
[2025-08-26T22:05:12.468+0000] {taskinstance.py:3498} INFO - 0 downstream tasks scheduled from follow-on schedule check
[2025-08-26T22:05:12.469+0000] {local_task_job_runner.py:222} INFO - ::endgroup::
